make.exe all --print-data-base --no-builtin-variables --no-builtin-rules --question
# GNU Make 4.3
# Built for Windows32
# Copyright (C) 1988-2020 Free Software Foundation, Inc.
# License GPLv3+: GNU GPL version 3 or later <http://gnu.org/licenses/gpl.html>
# This is free software: you are free to change and redistribute it.
# There is NO WARRANTY, to the extent permitted by law.
 

# Make data base, printed on Tue Sep 13 15:26:14 2022

# Variables

# environment
SYSTEMDRIVE = C:
# makefile (from 'Makefile', line 80)
AS = $(PREFIX)gcc -x assembler-with-cpp
# makefile (from 'Makefile', line 146)
LIBDIR = 
# environment
LC_ALL = C
# environment
USERPROFILE = C:\Users\bengr
# environment
VBOX_MSI_INSTALL_PATH = D:\Apps\VBox\
# environment
LOCALAPPDATA = C:\Users\bengr\AppData\Local
# environment
VSCODE_CWD = C:\Users\bengr\AppData\Local\Programs\Microsoft VS Code
# environment
CHOCOLATEYINSTALL = C:\ProgramData\chocolatey
# environment
SYSTEMROOT = C:\Windows
# makefile (from 'Makefile', line 145)
LIBS = -lc -lm -lnosys 
# makefile (from 'Makefile', line 116)
C_INCLUDES = -IInc -IDrivers/STM32F4xx_HAL_Driver/Inc -IDrivers/STM32F4xx_HAL_Driver/Inc/Legacy -IDrivers/CMSIS/Device/ST/STM32F4xx/Include -IDrivers/CMSIS/Include
# environment
PROCESSOR_LEVEL = 6
# makefile (from 'Makefile', line 82)
SZ = $(PREFIX)size
# environment
PSMODULEPATH = C:\Users\bengr\Documents\WindowsPowerShell\Modules;D:\Apps\GCloud\google-cloud-sdk\platform\PowerShell
# default
MAKE_COMMAND := C:/ProgramData/chocolatey/lib/make/tools/install/bin/make.exe
# automatic
@D = $(patsubst %/,%,$(patsubst %\,%,$(dir $@)))
# makefile (from 'Makefile', line 107)
C_DEFS = -DUSE_HAL_DRIVER -DSTM32F411xE
# environment
CHROME_CRASHPAD_PIPE_NAME = \\.\pipe\crashpad_14604_XDRCZGWCPAXXYYAO
# environment
VSCODE_HANDLES_UNCAUGHT_ERRORS = true
# default
.VARIABLES := 
# automatic
%D = $(patsubst %/,%,$(patsubst %\,%,$(dir $%)))
# automatic
^D = $(patsubst %/,%,$(patsubst %\,%,$(dir $^)))
# automatic
%F = $(notdir $%)
# environment
VSCODE_CODE_CACHE_PATH = C:\Users\bengr\AppData\Roaming\Code\CachedData\784b0177c56c607789f9638da7b6bf3230d47a8c
# makefile (from 'Makefile', line 104)
AS_DEFS = 
# environment
LANG = C
# default
.LOADED := 
# environment
TMP = C:\Users\bengr\AppData\Local\Temp
# default
.INCLUDE_DIRS = .
# environment
PROCESSOR_ARCHITEW6432 = AMD64
# makefile
MAKEFLAGS = pqrR
# environment
ONEDRIVE = C:\Users\bengr\OneDrive
# makefile
CURDIR := d:/Embedded/STM32F411CEU6-Black-Pill-Projects/MPU-6050-IMU
# makefile (from 'Makefile', line 84)
HEX = $(CP) -O ihex
# environment
APPLICATION_INSIGHTS_NO_DIAGNOSTIC_CHANNEL = 1
# makefile (from 'Makefile', line 142)
LDSCRIPT = STM32F411CEUx_FLASH.ld
# automatic
*D = $(patsubst %/,%,$(patsubst %\,%,$(dir $*)))
# environment
PROGRAMFILES = C:\Program Files (x86)
# environment
MFLAGS = -pqrR
# default
.SHELLFLAGS := -c
# environment
COMMONPROGRAMW6432 = C:\Program Files\Common Files
# automatic
+D = $(patsubst %/,%,$(patsubst %\,%,$(dir $+)))
# environment
IDF_TOOLS_PATH = C:\Users\bengr\.espressif
# makefile (from 'build/system_stm32f4xx.d', line 1)
MAKEFILE_LIST := Makefile build/main.d build/startup_stm32f411xe.d build/stm32f4xx_hal.d build/stm32f4xx_hal_cortex.d build/stm32f4xx_hal_dma.d build/stm32f4xx_hal_dma_ex.d build/stm32f4xx_hal_exti.d build/stm32f4xx_hal_flash.d build/stm32f4xx_hal_flash_ex.d build/stm32f4xx_hal_flash_ramfunc.d build/stm32f4xx_hal_gpio.d build/stm32f4xx_hal_i2c.d build/stm32f4xx_hal_i2c_ex.d build/stm32f4xx_hal_msp.d build/stm32f4xx_hal_pwr.d build/stm32f4xx_hal_pwr_ex.d build/stm32f4xx_hal_rcc.d build/stm32f4xx_hal_rcc_ex.d build/stm32f4xx_hal_tim.d build/stm32f4xx_hal_tim_ex.d build/stm32f4xx_it.d build/system_stm32f4xx.d
# makefile (from 'Makefile', line 125)
ASFLAGS = $(MCU) $(AS_DEFS) $(AS_INCLUDES) $(OPT) -Wall -fdata-sections -ffunction-sections
# automatic
@F = $(notdir $@)
# environment
VSCODE_PID = 14604
# automatic
?D = $(patsubst %/,%,$(patsubst %\,%,$(dir $?)))
# makefile (from 'Makefile', line 113)
AS_INCLUDES = 
# makefile (from 'Makefile', line 81)
CP = $(PREFIX)objcopy
# automatic
*F = $(notdir $*)
# automatic
<D = $(patsubst %/,%,$(patsubst %\,%,$(dir $<)))
# environment
VSCODE_NLS_CONFIG = {"locale":"en-gb","availableLanguages":{},"_languagePackSupport":true}
# environment
ONEDRIVECONSUMER = C:\Users\bengr\OneDrive
# default
MAKE_HOST := Windows32
# environment
PROGRAMDATA = C:\ProgramData
# default
SHELL := D:/Apps/GIT/Git/usr/bin/sh.exe
# environment
H 
OMEPATH = \Users\bengr
# environment
PLATFORMIO_CALLER = vscode
# default
MAKECMDGOALS := all
# environment
DRIVERDATA = C:\Windows\System32\Drivers\DriverData
# environment
COMSPEC = C:\Windows\system32\cmd.exe
# environment
WINDIR = C:\Windows
# environment
MAKELEVEL := 0
# default
MAKE = $(MAKE_COMMAND)
# environment
PATH = C:\Windows\system32;C:\Windows;C:\Windows\System32\Wbem;C:\Windows\System32\WindowsPowerShell\v1.0\;C:\Windows\System32\OpenSSH\;D:\Apps\JavaJDK\bin;C:\Program Files (x86)\NVIDIA Corporation\PhysX\Common;D:\Apps\NodeJS\;C:\ProgramData\chocolatey\bin;D:\Apps\GIT\Git\cmd;C:\Program Files (x86)\STMicroelectronics\STM32 ST-LINK Utility\ST-LINK Utility;D;C:\Windows\system32;C:\Windows;C:\Windows\System32\Wbem;C:\Windows\System32\WindowsPowerShell\v1.0\;C:\Windows\System32\OpenSSH\;C:\Program Files\MongoDB\Server\4.4\bin;C:\Program Files\Docker\Docker\resources\bin;C:\ProgramData\DockerDesktop\version-bin;C:\Program Files\MATLAB\R2021b\bin;C:\Program Files (x86)\SFS\Program;C:\Program Files\PuTTY\;C:\Program Files\CMake\bin;C:\Program Files\NVIDIA Corporation\NVIDIA NvDLISR;C:\Program Files (x86)\OpenOCD-20211118-0.11.0\bin;D:\Apps\GIT\Git\usr\bin;C:\Program Files (x86)\GNU Arm Embedded Toolchain\10 2021.10\bin;C:\Users\bengr\AppData\Local\Programs\Python\Python38\Scripts\;C:\Users\bengr\AppData\Local\Programs\Python\Python38\;C:\Users\bengr\AppData\Local\Microsoft\WindowsApps;C:\Users\bengr\AppData\Roaming\npm;C:\Users\bengr\AppData\Local\GitHubDesktop\bin;C:\MinGW\bin;C:\Users\bengr\AppData\Local\Microsoft\WindowsApps;C:\Users\bengr\AppData\Local\Android\Sdk\platform-tools;D:\Android\emulator;D:\Apps\GCloud\google-cloud-sdk\bin;D:\Apps\Latex\texlive\2021\bin\win32;C:\Users\bengr\AppData\Local\Programs\Microsoft VS Code\bin;C:\Program Files\ffmpeg-4.4.1-essentials_build\bin;C:\Users\bengr\AppData\Local\Packages\PythonSoftwareFoundation.Python.3.10_qbz5n2kfra8p0\LocalCache\local-packages\Python310\Scripts
# environment
COMPUTERNAME = DESKTOP-RNRS8DT
# default
MAKEFILES := 
# automatic
^F = $(notdir $^)
# makefile (from 'Makefile', line 94)
FPU = -mfpu=fpv4-sp-d16
# makefile (from 'Makefile', line 97)
FLOAT-ABI = -mfloat-abi=hard
# environment
PROMPT = $P$G
# environment
CHOCOLATEYLASTPATHUPDATE = 133008888826960985
# makefile (from 'Makefile', line 70)
PREFIX = arm-none-eabi-
# environment
LOGONSERVER = \\DESKTOP-RNRS8DT
# environment
QSYS_ROOTDIR = D:\Apps\Quartus\QPLE\quartus\sopc_builder\bin
# environment
USERNAME = bengr
# makefile (from 'Makefile', line 91)
CPU = -mcpu=cortex-m4
# environment
COMMONPROGRAMFILES = C:\Program Files (x86)\Common Files
# automatic
?F = $(notdir $?)
# environment
PROGRAMW6432 = C:\Program Files
# environment
NO_PROXY = 127.0.0.1
# environment
PATHEXT = .COM;.EXE;.BAT;.CMD;.VBS;.VBE;.JS;.JSE;.WSF;.WSH;.MSC
# automatic
+F = $(notdir $+)
# environment
ORIGINAL_XDG_CURRENT_DESKTOP = undefined
# makefile (from 'Makefile', line 160)
OBJECTS = $(addprefix $(BUILD_DIR)/,$(notdir $(C_SOURCES:.c=.o))) $(addprefix $(BUILD_DIR)/,$(notdir $(ASM_SOURCES:.s=.o)))
# environment
USERDOMAIN = DESKTOP-RNRS8DT
# 'override' directive
GNUMAKEFLAGS := 
# environment
OS = Windows_NT
# makefile (from 'Makefile', line 25)
OPT = -Og
# environment
PLATFORMIO_PATH = C:\Users\bengr\.platformio\penv\Scripts;C:\Users\bengr\.platformio\penv;C:\Users\bengr\.platformio\python3;C:\Windows\system32;C:\Windows;C:\Windows\System32\Wbem;C:\Windows\System32\WindowsPowerShell\v1.0\;C:\Windows\System32\OpenSSH\;D:\Apps\JavaJDK\bin;C:\Program Files (x86)\NVIDIA Corporation\PhysX\Common;D:\Apps\NodeJS\;C:\ProgramData\chocolatey\bin;D:\Apps\GIT\Git\cmd;C:\Program Files (x86)\STMicroelectronics\STM32 ST-LINK Utility\ST-LINK Utility;D;C:\Windows\system32;C:\Windows;C:\Windows\System32\Wbem;C:\Windows\System32\WindowsPowerShell\v1.0\;C:\Windows\System32\OpenSSH\;C:\Program Files\MongoDB\Server\4.4\bin;C:\Program Files\Docker\Docker\resources\bin;C:\ProgramData\DockerDesktop\version-bin;C:\Program Files\MATLAB\R2021b\bin;C:\Program Files (x86)\SFS\Program;C:\Program Files\PuTTY\;C:\Program Files\CMake\bin;C:\Program Files\NVIDIA Corporation\NVIDIA NvDLISR;C:\Program Files (x86)\OpenOCD-20211118-0.11.0\bin;D:\Apps\GIT\Git\usr\bin;C:\Program Files (x86)\GNU Arm Embedded Toolchain\10 2021.10\bin;C:\Users\bengr\AppData\Local\Programs\Python\Python38\Scripts\;C:\Users\bengr\AppData\Local\Programs\Python\Python38\;C:\Users\bengr\AppData\Local\Microsoft\WindowsApps;C:\Users\bengr\AppData\Roaming\npm;C:\Users\bengr\AppData\Local\GitHubDesktop\bin;C:\MinGW\bin;C:\Users\bengr\AppData\Local\Microsoft\WindowsApps;C:\Users\bengr\AppData\Local\Android\Sdk\platform-tools;D:\Android\emulator;D:\Apps\GCloud\google-cloud-sdk\bin;D:\Apps\Latex\texlive\2021\bin\win32;C:\Users\bengr\AppData\Local\Programs\Microsoft VS Code\bin;C:\Program Files\ffmpeg-4.4.1-essentials_build\bin;C:\Users\bengr\AppData\Local\Packages\PythonSoftwareFoundation.Python.3.10_qbz5n2kfra8p0\LocalCache\local-packages\Python310\Scripts;C:\Windows\system32;C:\Windows;C:\Windows\System32\Wbem;C:\Windows\System32\WindowsPowerShell\v1.0\;C:\Windows\System32\OpenSSH\;D:\Apps\JavaJDK\bin;C:\Program Files (x86)\NVIDIA Corporation\PhysX\Common;D:\Apps\NodeJS\;C:\ProgramData\chocolatey\bin;D:\Apps\GIT\Git\cmd;C:\Program Files (x86)\STMicroelectronics\STM32 ST-LINK Utility\ST-LINK Utility;D;C:\Windows\system32;C:\Windows;C:\Windows\System32\Wbem;C:\Windows\System32\WindowsPowerShell\v1.0\;C:\Windows\System32\OpenSSH\;C:\Program Files\MongoDB\Server\4.4\bin;C:\Program Files\Docker\Docker\resources\bin;C:\ProgramData\DockerDesktop\version-bin;C:\Program Files\MATLAB\R2021b\bin;C:\Program Files (x86)\SFS\Program;C:\Program Files\PuTTY\;C:\Program Files\CMake\bin;C:\Program Files\NVIDIA Corporation\NVIDIA NvDLISR;C:\Program Files (x86)\OpenOCD-20211118-0.11.0\bin;D:\Apps\GIT\Git\usr\bin;C:\Program Files (x86)\GNU Arm Embedded Toolchain\10 2021.10\bin;C:\Users\bengr\AppData\Local\Programs\Python\Python38\Scripts\;C:\Users\bengr\AppData\Local\Programs\Python\Python38\;C:\Users\bengr\AppData\Local\Microsoft\WindowsApps;C:\Users\bengr\AppData\Roaming\npm;C:\Users\bengr\AppData\Local\GitHubDesktop\bin;C:\MinGW\bin;C:\Users\bengr\AppData\Local\Microsoft\WindowsApps;C:\Users\bengr\AppData\Local\Android\Sdk\platform-tools;D:\Android\emulator;D:\Apps\GCloud\google-cloud-sdk\bin;D:\Apps\Latex\texlive\2021\bin\win32;C:\Users\bengr\AppData\Local\Programs\Microsoft VS Code\bin;C:\Program Files\ffmpeg-4.4.1-essentials_build\bin;C:\Users\bengr\AppData\Local\Packages\PythonSoftwareFoundation.Python.3.10_qbz5n2kfra8p0\LocalCache\local-packages\Python310\Scripts
# makefile
.DEFAULT_GOAL := all
# default
MAKE_VERSION := 4.3
# environment
PROGRAMFILES(X86) = C:\Program Files (x86)
# makefile (from 'Makefile', line 147)
LDFLAGS = $(MCU) -specs=nano.specs -T$(LDSCRIPT) $(LIBDIR) $(LIBS) -Wl,-Map=$(BUILD_DIR)/$(TARGET).map,--cref -Wl,--gc-sections
# environment
USERDOMAIN_ROAMINGPROFILE = DESKTOP-RNRS8DT
# makefile (from 'Makefile', line 100)
MCU = $(CPU) -mthumb $(FPU) $(FLOAT-ABI)
# environment
NUMBER_OF_PROCESSORS = 4
# environment
PUBLIC = C:\Users\Public
# environment
QUARTUS_ROOTDIR = D:\Apps\Quartus\QPLE\quart 
us
# environment
SOPC_KIT_NIOS2 = D:\Apps\Quartus\QPLE\nios2eds
# makefile (from 'Makefile', line 85)
BIN = $(CP) -O binary -S
# environment
APPDATA = C:\Users\bengr\AppData\Roaming
# makefile (from 'Makefile', line 135)
CFLAGS = $(MCU) $(C_DEFS) $(C_INCLUDES) $(OPT) -Wall -fdata-sections -ffunction-sections -g -gdwarf-2 -MMD -MP -MF"$(@:%.o=%.d)"
# environment
HOMEDRIVE = C:
# environment
PROCESSOR_ARCHITECTURE = x86
# environment
VSCODE_AMD_ENTRYPOINT = vs/workbench/api/node/extensionHostProcess
# makefile (from 'Makefile', line 32)
BUILD_DIR = build
# environment
PLATFORMIO_IDE = 2.5.4
# environment
COMMONPROGRAMFILES(X86) = C:\Program Files (x86)\Common Files
# environment
ELECTRON_RUN_AS_NODE = 1
# environment
TEMP = C:\Users\bengr\AppData\Local\Temp
# environment
VSCODE_IPC_HOOK = \\.\pipe\8a6af8f0708d2176e2e77af7fb791959-1.71.0-main-sock
# default
.RECIPEPREFIX := 
# automatic
<F = $(notdir $<)
# makefile (from 'Makefile', line 38)
C_SOURCES = Src/main.c Src/stm32f4xx_it.c Src/stm32f4xx_hal_msp.c Src/MPU6050.c Drivers/STM32F4xx_HAL_Driver/Src/stm32f4xx_hal_i2c.c Drivers/STM32F4xx_HAL_Driver/Src/stm32f4xx_hal_i2c_ex.c Drivers/STM32F4xx_HAL_Driver/Src/stm32f4xx_hal_rcc.c Drivers/STM32F4xx_HAL_Driver/Src/stm32f4xx_hal_rcc_ex.c Drivers/STM32F4xx_HAL_Driver/Src/stm32f4xx_hal_flash.c Drivers/STM32F4xx_HAL_Driver/Src/stm32f4xx_hal_flash_ex.c Drivers/STM32F4xx_HAL_Driver/Src/stm32f4xx_hal_flash_ramfunc.c Drivers/STM32F4xx_HAL_Driver/Src/stm32f4xx_hal_gpio.c Drivers/STM32F4xx_HAL_Driver/Src/stm32f4xx_hal_dma_ex.c Drivers/STM32F4xx_HAL_Driver/Src/stm32f4xx_hal_dma.c Drivers/STM32F4xx_HAL_Driver/Src/stm32f4xx_hal_pwr.c Drivers/STM32F4xx_HAL_Driver/Src/stm32f4xx_hal_pwr_ex.c Drivers/STM32F4xx_HAL_Driver/Src/stm32f4xx_hal_cortex.c Drivers/STM32F4xx_HAL_Driver/Src/stm32f4xx_hal.c Drivers/STM32F4xx_HAL_Driver/Src/stm32f4xx_hal_exti.c Drivers/STM32F4xx_HAL_Driver/Src/stm32f4xx_hal_tim.c Drivers/STM32F4xx_HAL_Driver/Src/stm32f4xx_hal_tim_ex.c Src/system_stm32f4xx.c
# default
SUFFIXES := 
# environment
ALLUSERSPROFILE = C:\ProgramData
# makefile (from 'Makefile', line 16)
TARGET = MPU-6050-IMU
# environment
SESSIONNAME = Console
# makefile (from 'Makefile', line 63)
ASM_SOURCES = startup_stm32f411xe.s
# makefile (from 'Makefile', line 23)
DEBUG = 1
# default
.FEATURES := target-specific order-only second-expansion else-if shortest-stem undefine oneshell nocomment grouped-target extra-prereqs archives jobserver output-sync load
# environment
PROCESSOR_REVISION = 3c03
# makefile (from 'Makefile', line 79)
CC = $(PREFIX)gcc
# environment
PROCESSOR_IDENTIFIER = Intel64 Family 6 Model 60 Stepping 3, GenuineIntel
# variable set hash-table stats:
# Load=127/1024=12%, Rehash=0, Collisions=17/247=7%

# Pattern-specific Variable Values

# No pattern-specific variable values.

# Directories

# Drivers/STM32F4xx_HAL_Driver/Src (key d:/Embedded/STM32F411CEU6-Black-Pill-Projects/MPU-6050-IMU/Drivers/STM32F4xx_HAL_Driver/Src, mtime 1661601999): 19 files, no impossibilities.
# build (key d:/Embedded/STM32F411CEU6-Black-Pill-Projects/MPU-6050-I 
MU/build, mtime 1663078754): 71 files, no impossibilities.
# . (key d:/Embedded/STM32F411CEU6-Black-Pill-Projects/MPU-6050-IMU, mtime 1663078728): 14 files, no impossibilities.
# Src (key d:/Embedded/STM32F411CEU6-Black-Pill-Projects/MPU-6050-IMU/Src, mtime 1663078874): No files, no impossibilities so far.

# 104 files, no impossibilities in 4 directories.

# Implicit Rules

build/%.o: %.c Makefile | build
#  recipe to execute (from 'Makefile', line 164):
	$(CC) -c $(CFLAGS) -Wa,-a,-ad,-alms=$(BUILD_DIR)/$(notdir $(<:.c=.lst)) $< -o $@

build/%.o: %.s Makefile | build
#  recipe to execute (from 'Makefile', line 167):
	$(AS) -c $(CFLAGS) $< -o $@

build/%.hex: build/%.elf | build
#  recipe to execute (from 'Makefile', line 174):
	$(HEX) $< $@
	

build/%.bin: build/%.elf | build
#  recipe to execute (from 'Makefile', line 177):
	$(BIN) $< $@	
	

# 4 implicit rules, 0 (0.0%) terminal.
# Files

# Not a target:
build/stm32f4xx_hal_exti.d:
#  Implicit rule search has been done.
#  Last modified 2022-09-13 15:19:11
#  File has been updated.
#  Successfully updated.

# Not a target:
Src/stm32f4xx_it.c:
#  Implicit rule search has not been done.
#  Modification time never checked.
#  File has not been updated.

Drivers/STM32F4xx_HAL_Driver/Inc/stm32f4xx_hal_cortex.h:
#  Implicit rule search has been done.
#  Last modified 2022-08-14 15:33:55
#  File has been updated.
#  Successfully updated.

Drivers/STM32F4xx_HAL_Driver/Inc/stm32f4xx_hal_gpio_ex.h:
#  Implicit rule search has been done.
#  Last modified 2022-08-14 15:33:55
#  File has been updated.
#  Successfully updated.

build/stm32f4xx_hal_dma_ex.o: Drivers/STM32F4xx_HAL_Driver/Src/stm32f4xx_hal_dma_ex.c Drivers/STM32F4xx_HAL_Driver/Inc/stm32f4xx_hal.h Inc/stm32f4xx_hal_conf.h Drivers/STM32F4xx_HAL_Driver/Inc/stm32f4xx_hal_rcc.h Drivers/STM32F4xx_HAL_Driver/Inc/stm32f4xx_hal_def.h Drivers/CMSIS/Device/ST/STM32F4xx/Include/stm32f4xx.h Drivers/CMSIS/Device/ST/STM32F4xx/Include/stm32f411xe.h Drivers/CMSIS/Include/core_cm4.h Drivers/CMSIS/Include/cmsis_version.h Drivers/ 
CMSIS/Include/cmsis_compiler.h Drivers/CMSIS/Include/cmsis_gcc.h Drivers/CMSIS/Include/mpu_armv7.h Drivers/CMSIS/Device/ST/STM32F4xx/Include/system_stm32f4xx.h Drivers/STM32F4xx_HAL_Driver/Inc/Legacy/stm32_hal_legacy.h Drivers/STM32F4xx_HAL_Driver/Inc/stm32f4xx_hal_rcc_ex.h Drivers/STM32F4xx_HAL_Driver/Inc/stm32f4xx_hal_gpio.h Drivers/STM32F4xx_HAL_Driver/Inc/stm32f4xx_hal_gpio_ex.h Drivers/STM32F4xx_HAL_Driver/Inc/stm32f4xx_hal_exti.h Drivers/STM32F4xx_HAL_Driver/Inc/stm32f4xx_hal_dma.h Drivers/STM32F4xx_HAL_Driver/Inc/stm32f4xx_hal_dma_ex.h Drivers/STM32F4xx_HAL_Driver/Inc/stm32f4xx_hal_cortex.h Drivers/STM32F4xx_HAL_Driver/Inc/stm32f4xx_hal_flash.h Drivers/STM32F4xx_HAL_Driver/Inc/stm32f4xx_hal_flash_ex.h Drivers/STM32F4xx_HAL_Driver/Inc/stm32f4xx_hal_flash_ramfunc.h Drivers/STM32F4xx_HAL_Driver/Inc/stm32f4xx_hal_i2c.h Drivers/STM32F4xx_HAL_Driver/Inc/stm32f4xx_hal_i2c_ex.h Drivers/STM32F4xx_HAL_Driver/Inc/stm32f4xx_hal_pwr.h Drivers/STM32F4xx_HAL_Driver/Inc/stm32f4xx_hal_pwr_ex.h
#  Implicit rule search has not been done.
#  Modification time never checked.
#  File has not been updated.

# Not a target:
Drivers/STM32F4xx_HAL_Driver/Src/stm32f4xx_hal_i2c_ex.c:
#  Implicit rule search has not been done.
#  Modification time never checked.
#  File has not been updated.

build/stm32f4xx_hal_exti.o: Drivers/STM32F4xx_HAL_Driver/Src/stm32f4xx_hal_exti.c Drivers/STM32F4xx_HAL_Driver/Inc/stm32f4xx_hal.h Inc/stm32f4xx_hal_conf.h Drivers/STM32F4xx_HAL_Driver/Inc/stm32f4xx_hal_rcc.h Drivers/STM32F4xx_HAL_Driver/Inc/stm32f4xx_hal_def.h Drivers/CMSIS/Device/ST/STM32F4xx/Include/stm32f4xx.h Drivers/CMSIS/Device/ST/STM32F4xx/Include/stm32f411xe.h Drivers/CMSIS/Include/core_cm4.h Drivers/CMSIS/Include/cmsis_version.h Drivers/CMSIS/Include/cmsis_compiler.h Drivers/CMSIS/Include/cmsis_gcc.h Drivers/CMSIS/Include/mpu_armv7.h Drivers/CMSIS/Device/ST/STM32F4xx/Include/system_stm32f4xx.h Drivers/STM32F4xx_HAL_Driver/Inc/Legacy/stm32_hal_legacy.h Drivers/STM32F4xx_HAL_Driver/Inc/stm32f4xx_hal_rcc_ex.h Drivers/STM32F4xx_HAL_Driver/Inc/stm32f4xx_hal_gpio.h Drivers/STM32F4xx_HAL_Driver/Inc/stm32f4xx_hal_gpio_ex.h Drivers/STM32F4xx_HAL_Driver/Inc/stm32f4xx_hal_exti.h Drivers/STM32F4xx_HAL_Driver/Inc/stm32f4xx_hal_dma.h Drivers/STM32F4xx_HAL_Driver/Inc/stm32f4xx_hal_dma_ex.h Drivers/STM32F4xx_HAL_Driver/Inc/stm32f4xx_hal_cortex.h Drivers/STM32F4xx_HAL_Driver/Inc/stm32f4xx_hal_flash.h Drivers/STM32F4xx_HAL_Driver/Inc/stm32f4xx_hal_flash_ex.h Drivers/STM32F4xx_HAL_Driver/Inc/stm32f4xx_hal_flash_ramfunc.h Drivers/STM32F4xx_HAL_Driver/Inc/stm32f4xx_hal_i2c.h Drivers/STM32F4xx_HAL_Driver/Inc/stm32f4xx_hal_i2c_ex.h Drivers/STM32F4xx_HAL_Driver/Inc/stm32f4xx_hal_pwr.h Drivers/STM32F4xx_HAL_Driver/Inc/stm32f4xx_hal_pwr_ex.h
#  Implicit rule search has not been done.
#  Modification time never checked.
#  File has not been updated.

# Not a target:
build/stm32f4xx_hal_i2c_ex.d:
#  Implicit rule search has been done.
#  Last modified 2022-09-13 15:19:04
#  File has been updated.
#  Successfully updated.

# Not a target:
build/system_stm32f4xx.d:
#  Implicit rule search has been done.
#  Last modified 2022-09-13 15:19:12
#  File has been updated.
#  Successfully updated.

Drivers/STM32F4xx_HAL_Driver/Inc/stm32f4xx_hal_pwr_ex.h:
#  Implicit rule search has been done.
#  Last modified 2022-08-14 15:33:55
#  File has been updated.
#  Successfully updated.

# Not a target:
build/stm32f4xx_it.d:
#  Implicit rule search has been done.
#  Last modified 2022-09-13 15:18:50
#  File has been updated.
#  Successfully updated.

Drivers/CMSIS/Device/ST/STM32F4xx/Include/system_stm32f4xx.h:
#  Implicit rule search has been done.
#  Last modified 2022-08-14 15:32:42
#  File has been updated.
#  Successfully updated.

# Not a target:
Drivers/STM32F4xx_HAL_Driver/Src/stm32f4xx_hal_rcc.c:
#  Implicit rule search has not been done.
#  Modification time never checked.
#  File has not been updated.

# Not a target:
Drivers/STM32F4xx_HAL_Driver/Src/stm32f4xx_hal_cortex.c:
#  Implicit rule search has not been done.
#  Modification time never checked.
#  File has not been updated.

build/system_stm32f4xx.o: Src/system_stm32f4xx.c Drivers/CMSIS/Device/ST/STM32F4xx/Include/stm32f4xx.h Drivers/CMSIS/Device/ST/STM32F4xx/Include/stm32f411xe.h Drivers/CMSIS/Include/core_cm4.h Drivers/CMSIS/Include/cmsis_version.h Drivers/CMSIS/Include/cmsis_compiler.h Drivers/CMSIS/Include/cmsis_gcc.h Drivers/CMSIS/Include/mpu_armv7.h Drivers/CMSIS/Device/ST/STM32F4xx/Include/system_stm32f4xx.h Drivers/STM32F4xx_HAL_Driver/Inc/stm32f4xx_hal.h Inc/stm32f4xx_hal_conf.h Drivers/STM32F4xx_HAL_Driver/Inc/stm32f4xx_hal_rcc.h Drivers/STM32F4xx_HAL_Driver/Inc/stm32f4xx_hal_def.h Drivers/STM32F4xx_HAL_Driver/Inc/Legacy/stm32_hal_legacy.h Drivers/STM32F4xx_HAL_Driver/Inc/stm32f4xx_hal_rcc_ex.h Drivers/STM32F4xx_HAL_Driver/Inc/stm32f4xx_hal_gpio.h Drivers/STM32F4xx_HAL_Driver/Inc/stm32f4xx_hal_gpio_ex.h Drivers/STM32F4xx_HAL_Driver/Inc/stm32f4xx_hal_exti.h Drivers/STM32F4xx_HAL_Driver/Inc/stm32f4xx_hal_dma.h Drivers/STM32F4xx_HAL_Driver/Inc/stm32f4xx_hal_dma_ex.h Drivers/STM32F4xx_HAL_Driver/Inc/stm32f4xx_hal_cortex.h Drivers/STM32F4xx_HAL_Driver/Inc/stm32f4xx_hal_flash.h Drivers/STM32F4xx_HAL_Driver/Inc/stm32f4xx_hal_flash_ex.h Drivers/STM32F4xx_HAL_Driver/Inc/stm32f4xx_hal_flash_ramfunc.h Drivers/STM32F4xx_HAL_Driver/Inc/stm32f4xx_hal_i2c.h Drivers/STM32F4xx_HAL_Driver/Inc/stm32f4xx_hal_i2c_ex.h Drivers/STM32F4xx_HAL_Driver/Inc/stm32f4xx_hal_pwr.h Drivers/STM32F4xx_HAL_Driver/Inc/stm32f4xx_hal_pwr_ex.h
#  Implicit rule search has not been done.
#  Modification time never checked.
#  File has not been updated.

# Not a target:
Makefile:
#  Implicit rule search has been done.
#  Last modified 2022-09-13 15:26:10
#  File has been updated.
#  Successfully updated.

# Not a target:
build/stm32f4xx_hal_flash.d:
#  Implicit rule search has been done.
#  Last modified 2022-09-13 15:19:06
#  File has been updated.
#  Successfully updated.

build/stm32f4xx_hal_i2c.o: Drivers/STM32F4xx_HAL_Driver/Src/stm32f4xx_hal_i2c.c Drivers/STM32F4xx_HAL_Driver/Inc/stm32f4xx_hal.h Inc/stm32f4xx_hal_conf.h Drivers/STM32F4xx_HAL_Driver/Inc/stm32f4xx_hal_rcc.h Drivers/STM32F4xx_HAL_Driver/Inc/stm32f4xx_hal_def.h Drivers/CMSIS/Device/ST/STM32F4xx/Include/stm32f4xx.h Drivers/CMSIS/Device/ST/STM32F4xx/Include/stm32f411xe.h Drivers/CMSIS/Include/core_cm4.h Drivers/CMSIS/Include/cmsis_version.h Drivers/CMSIS/Include/cmsis_compiler.h Drivers/CMSIS/Include/cmsis_gcc.h Drivers/CMSIS/Include/mpu_armv7.h Drivers/CMSIS/Device/ST/STM32F4xx/Include/system_stm32f4xx.h Drivers/STM32F4xx_HAL_Driver/Inc/Legacy/stm32_hal_legacy.h Drivers/STM32F4xx_HAL_Driver/Inc/stm32f4xx_hal_rcc_ex.h Drivers/STM32F4xx_HAL_Driver/Inc/stm32f4xx_hal_gpio.h Drivers/STM32F4xx_HAL_Driver/Inc/stm32f4xx_hal_gpio_ex.h Drivers/STM32F4xx_HAL_Driver/Inc/stm32f4xx_hal_exti.h Drivers/STM32F4xx_HAL_Driver/Inc/stm32f4xx_hal_dma.h Drivers/STM32F4xx_HAL_Driver/Inc/stm32f4xx_hal_dma_ex.h Drivers/STM32F4xx_HAL_Driver/Inc/stm32f4xx_hal_cortex.h Drivers/STM32F4xx_HAL_Driver/Inc/stm32f4xx_hal_flash.h Drivers/STM32F4xx_HAL_Driver/Inc/stm32f4xx_hal_flash_ex.h Drivers/STM32F4xx_HAL_Driver/Inc/stm32f4xx_hal_flash_ramfunc.h Drivers/STM32F4xx_HAL_Driver/Inc/stm32f4xx_hal_i2c.h Drivers/STM32F4xx_HAL_Driver/Inc/stm32f4xx_hal_i2c_ex.h Drivers/STM32F4xx_HAL_Driver/Inc/stm32f4xx_hal_pwr.h Drivers/STM32F4xx_HAL_Driver/Inc/stm32f4xx_hal_pwr_ex.h
#  Implicit rule search has not been done.
#  Modification time never checked.
#  File has not been updated.

# Not a target:
build/stm32f4xx_hal_msp.d:
#  Implicit rule search has been done.
#  Last modified 2022-09-13 15:18:50
#  File has been updated.
#  Successfully updated.

Inc/main.h:
#  Implicit rule search has been done.
#  Last modified 2022-08-26 16:27:52
#  File has been updated.
#  Successfully updated.

Drivers/STM32F4xx_HAL_Driver/Inc/stm32f4xx_hal.h:
#  Implicit rule search has been done.
#  Last modified 2022-08-14 15:33:55
#  File has been updated.
#  Successfully updated.

Drivers/STM32F4xx_HAL_Driver/Inc/Legacy/stm32_hal_legacy.h:
#  Implicit rule search has been done.
#  Last modified 2022-08-14 15:33:55
#  File has been updated.
#  Successfully updated.

# Not a target:
build/stm32f4xx_hal_tim_ex.d:
#  Implicit rule search has been done.
#  Last modified 2022-09-13 15:19:12
#  File has been updated.
#  Successfully updated.

build/stm32f4xx_hal_cortex.o: Drivers/STM32F4xx_HAL_Driver/Src/stm32f4xx_hal_cortex.c Drivers/STM32F4xx_HAL_Driver/Inc/stm32f4xx_hal.h Inc/stm32f4xx_hal_conf.h Drivers/STM32F4xx_HAL_Driver/Inc/stm32f4xx_hal_rcc.h Drivers/STM32F4xx_HAL_Driver/Inc/stm32f4xx_hal_def.h Drivers/CMSIS/Device/ST/STM32F4xx/Include/stm32f4xx.h Drivers/CMSIS/Device/ST/STM32F4xx/Include/stm32f411xe.h Drivers/CMSIS/Include/core_cm4.h Drivers/CMSIS/Include/cmsis_version.h Drivers/CMSIS/Include/cmsis_compiler.h Drivers/CMSIS/Include/cmsis_gcc.h Drivers/CMSIS/Include/mpu_armv7.h Drivers/CMSIS/Device/ST/STM32F4xx/Include/system_stm32f4xx.h Drivers/STM32F4xx_HAL_Driver/Inc/Legacy/stm32_hal_legacy.h Drivers/STM32F4xx_HAL_Driver/Inc/stm32f4xx_hal_rcc_ex.h Drivers/STM32F4xx_HAL_Driver/Inc/stm32f4xx_hal_gpio.h Drivers/STM32F4xx_HAL_Driver/Inc/stm32f4xx_hal_gpio_ex.h Drivers/STM32F4xx_HAL_Driver/Inc/stm32f4xx_hal_exti.h Drivers/STM32F4xx_HAL_Driver/Inc/stm32f4xx_hal_dma.h Drivers/STM32F4xx_HAL_Driver/Inc/stm32f4xx_hal_dma_ex.h Drivers/STM32F4xx_HAL_Driver/Inc/stm32f4xx_hal_cortex.h Drivers/STM32F4xx_HAL_Driver/Inc/stm32f4xx_hal_flash.h Drivers/STM32F4xx_HAL_Driver/Inc/stm32f4xx_hal_flash_ex.h Drivers/STM32F4xx_HAL_Driver/Inc/stm32f4xx_hal_flash_ramfunc.h Drivers/STM32F4xx_HAL_Driver/Inc/stm32f4xx_hal_i2c.h Drivers/STM32F4xx_HAL_Driver/Inc/stm32f4xx_hal_i2c_ex.h Drivers/STM32F4xx_HAL_Driver/Inc/stm32f4xx_hal_pwr.h Drivers/STM32F4xx_HAL_Driver/Inc/stm32f4xx_hal_pwr_ex.h
#  Implicit rule search has not been done.
#  Modification time never checked.
#  File has not been updated.

flash: all
#  Implicit rule search has not been done.
#  Modification time never checked.
#  File has not been updated.
#  recipe to execute (from 'Makefile', line 192):
	openocd -f interface/stlink.cfg -f target/stm32f4x.cfg -c "program $(BUILD_DIR)/$(TARGET).elf verify reset exit"

build/stm32f4xx_hal_rcc_ex.o: Drivers/STM32F4xx_HAL_Driver/Src/stm32f4xx_hal_rcc_ex.c Drivers/STM32F4xx_HAL_Driver/Inc/stm32f4xx_hal.h Inc/stm32f4xx_hal_conf.h Drivers/STM32F4xx_HAL_Driver/Inc/stm32f4xx_hal_rcc.h Drivers/STM32F4xx_HAL_Driver/Inc/stm32f4xx_hal_def.h Drivers/CMSIS/Device/ST/STM32F4xx/Include/stm32f4xx.h Drivers/CMSIS/Device/ST/STM32F4xx/Include/stm32f411xe.h Drivers/CMSIS/Include/core_cm4.h Drivers/CMSIS/Include/cmsis_version.h Drivers/CMSIS/Include/cmsis_compiler.h Drivers/CMSIS/Include/cmsis_gcc.h Drivers/CMSIS/Include/mpu_armv7.h Drivers/CMSIS/Device/ST/STM32F4xx/Include/system_stm32f4xx.h Drivers/STM32F4xx_HAL_Driver/Inc/Legacy/stm32_hal_legacy.h Drivers/STM32F4xx_HAL_Driver/Inc/stm32f4xx_hal_rcc_ex.h Drivers/STM32F4xx_HAL_Driver/Inc/stm32f4xx_hal_gpio.h Drivers/STM32F4xx_HAL_Driver/Inc/stm32f4xx_hal_gpio_ex.h Drivers/STM32F4xx_HAL_Driver/Inc/stm32f4xx_hal_exti.h Drivers/STM32F4xx_HAL_Driver/Inc/stm32f4xx_hal_dma.h Drivers/STM32F4xx_HAL_Driver/Inc/stm32f4xx_hal_dma_ex.h Drivers/STM32F4xx_HAL_Driver/Inc/stm32f4xx_hal_cortex.h Drivers/STM32F4xx_HAL_Driver/Inc/stm32f4xx_hal_flash.h Drivers/STM32F4xx_HAL_Driver/Inc/stm32f4xx_hal_flash_ex.h Drivers/STM32F4xx_HAL_Driver/Inc/stm32f4xx_hal_flash_ramfunc.h Drivers/STM32F4xx_HAL_Driver/Inc/stm32f4xx_hal_i2c.h Drivers/STM32F4xx_HAL_Driver/Inc/stm32f4xx_hal_i2c_ex.h Drivers/STM32F4xx_HAL_Driver/Inc/stm32f4xx_hal_pwr.h Drivers/STM32F4xx_HAL_Driver/Inc/stm32f4xx_hal_pwr_ex.h
#  Implicit rule search has not been done.
#  Modification time never checked.
#  File has not been updated.

# Not a target:
Drivers/STM32F4xx_HAL_Driver/Src/stm32f4xx_hal_rcc_ex.c:
#  Implicit rule search has not been done.
#  Modification time never checked.
#  File has not been updated.

Drivers/STM32F4xx_HAL_Driver/Inc/stm32f4xx_hal_rcc_ex.h:
#  Implicit rule search has been done.
#  Last modified 2022-08-14 15:33:55
#  File has been updated.
#  Successfully updated.

clean:
#  Implicit rule search has not been done.
#  Modification time never checked.
#  File has not been updated.
#  recipe to execute (from 'Makefile', line 186):
	-rm -fR $(BUILD_DIR)

# Not a target:
startup_stm32f411xe.s:
#  Implicit rule search has not been done.
#  Modification time never checked.
#  File has not been updated.

build/stm32f4xx_hal_tim.o: Drivers/STM32F4xx_HAL_Driver/Src/stm32f4xx_hal_tim.c Drivers/STM32F4xx_HAL_Driver/Inc/stm32f4xx_hal.h Inc/stm32f4xx_hal_conf.h Drivers/STM32F4xx_HAL_Driver/Inc/stm32f4xx_hal_rcc.h Drivers/STM32F4xx_HAL_Driver/Inc/stm32f4xx_hal_def.h Drivers/CMSIS/Device/ST/STM32F4xx/Include/stm32f4xx.h Drivers/CMSIS/Device/ST/STM32F4xx/Include/stm32f411xe.h Drivers/CMSIS/Include/core_cm4.h Drivers/CMSIS/Include/cmsis_version.h Drivers/CMSIS/Include/cmsis_compiler.h Drivers/CMSIS/Include/cmsis_gcc.h Drivers/CMSIS/Include/mpu_armv7.h Drivers/CMSIS/Device/ST/STM32F4xx/Include/system_stm32f4xx.h Drivers/STM32F4xx_HAL_Driver/Inc/Legacy/stm32_hal_legacy.h Drivers/STM32F4xx_HAL_Driver/Inc/stm32f4xx_hal_rcc_ex.h Drivers/STM32F4xx_HAL_Driver/Inc/stm32f4xx_hal_gpio.h Drivers/STM32F4xx_HAL_Driver/Inc/stm32f4xx_hal_gpio_ex.h Drivers/STM32F4xx_HAL_Driver/Inc/stm32f4xx_hal_exti.h Drivers/STM32F4xx_HAL_Driver/Inc/stm32f4xx_hal_dma.h Drivers/STM32F4xx_HAL_Driver/Inc/stm32f4xx_hal_dma_ex.h Drivers/STM32F4xx_HAL_Driver/Inc/stm32f4xx_hal_cortex.h Drivers/STM32F4xx_HAL_Driver/Inc/stm32f4xx_hal_flash.h Drivers/STM32F4xx_HAL_Driver/Inc/stm32f4xx_hal_flash_ex.h Drivers/STM32F4xx_HAL_Driver/Inc/stm32f4xx_hal_flash_ramfunc.h Drivers/STM32F4xx_HAL_Driver/Inc/stm32f4xx_hal_i2c.h Drivers/STM32F4xx_HAL_Driver/Inc/stm32f4xx_hal_i2c_ex.h Drivers/STM32F4xx_HAL_Driver/Inc/stm32f4xx_hal_pwr.h Drivers/STM32F4xx_HAL_Driver/Inc/stm32f4xx_hal_pwr_ex.h
#  Implicit rule search has not been done.
#  Modification time never checked.
#  File has not been updated.

build/stm32f4xx_hal_pwr.o: Drivers/STM32F4xx_HAL_Driver/Src/stm32f4xx_hal_pwr.c Drivers/STM32F4xx_HAL_Driver/Inc/stm32f4xx_hal.h Inc/stm32f4xx_hal_conf.h Drivers/STM32F4xx_HAL_Driver/Inc/stm32f4xx_hal_rcc.h Drivers/STM32F4xx_HAL_Driver/Inc/stm32f4xx_hal_def.h Drivers/CMSIS/Device/ST/STM32F4xx/Include/stm32f4xx.h Drivers/CMSIS/Device/ST/STM32F4xx/Include/stm32f411xe.h Drivers/CMSIS/Include/core_cm4.h Drivers/CMSIS/Include/cmsis_version.h Drivers/CMSIS/Include/cmsis_compiler.h Drivers/CMSIS/Include/cmsis_gcc.h Drivers/CMSIS/Include/mpu_armv7.h Drivers/CMSIS/Device/ST/STM32F4xx/Include/system_stm32f4xx.h Drivers/STM32F4xx_HAL_Driver/Inc/Legacy/stm32_hal_legacy.h Drivers/STM32F4xx_HAL_Driver/Inc/stm32f4xx_hal_rcc_ex.h Drivers/STM32F4xx_HAL_Driver/Inc/stm32f4xx_hal_gpio.h Drivers/STM32F4xx_HAL_Driver/Inc/stm32f4xx_hal_gpio_ex.h Drivers/STM32F4xx_HAL_Driver/Inc/stm32f4xx_hal_exti.h Drivers/STM32F4xx_HAL_Driver/Inc/stm32f4xx_hal_dma.h Drivers/STM32F4xx_HAL_Driver/Inc/stm32f4xx_hal_dma_ex.h Drivers/STM32F4xx_HAL_Driver/Inc/stm32f4xx_hal_cortex.h Drivers/STM32F4xx_HAL_Driver/Inc/stm32f4xx_hal_flash.h Drivers/STM32F4xx_HAL_Driver/Inc/stm32f4xx_hal_flash_ex.h Drivers/STM32F4xx_HAL_Driver/Inc/stm32f4xx_hal_flash_ramfunc.h Drivers/STM32F4xx_HAL_Driver/Inc/stm32f4xx_hal_i2c.h Drivers/STM32F4xx_HAL_Driver/Inc/stm32f4xx_hal_i2c_ex.h Drivers/STM32F4xx_HAL_Driver/Inc/stm32f4xx_hal_pwr.h Drivers/STM32F4xx_HAL_Driver/Inc/stm32f4xx_hal_pwr_ex.h
#  Implicit rule search has not been done.
#  Modification time never checked.
#  File has not been updated.

Drivers/STM32F4xx_HAL_Driver/Inc/stm32f4xx_hal_gpio.h:
#  Implicit rule search has been done.
#  Last modified 2022-08-14 15:33:55
#  File has been updated.
#  Successfully updated.

Drivers/STM32F4xx_HAL_Driver/Inc/stm32f4xx_hal_flash.h:
#  Implicit rule search has been done.
#  Last modified 2022-08-14 15:33:55
#  File has been updated.
#  Successfully updated.

Drivers/STM32F4xx_HAL_Driver/Inc/stm32f4xx_hal_exti.h:
#  Implicit rule search has been done.
#  Last modified 2022-08-14 15:33:55
#  File has been updated.
#  Successfully updated.

build/stm32f4xx_hal_flash_ramfunc.o: Drivers/STM32F4xx_HAL_Driver/Src/stm32f4xx_hal_flash_ramfunc.c Drivers/STM32F4xx_HAL_Driver/Inc/stm32f4xx_hal.h Inc/stm32f4xx_hal_conf.h Drivers/STM32F4xx_HAL_Driver/Inc/stm32f4xx_hal_rcc.h Drivers/STM32F4xx_HAL_Driver/Inc/stm32f4xx_hal_def.h Drivers/CMSIS/Device/ST/STM32F4xx/Include/stm32f4xx.h Drivers/CMSIS/Device/ST/STM32F4xx/Include/stm32f411xe.h Drivers/CMSIS/Include/core_cm4.h Drivers/CMSIS/Include/cmsis_version.h Drivers/CMSIS/Include/cmsis_compiler.h Drivers/CMSIS/Include/cmsis_gcc.h Drivers/CMSIS/Include/mpu_armv7.h Drivers/CMSIS/Device/ST/STM32F4xx/Include/system_stm32f4xx.h Drivers/STM32F4xx_HAL_Driver/Inc/Legacy/stm32_hal_legacy.h Drivers/STM32F4xx_HAL_Driver/Inc/stm32f4xx_hal_rcc_ex.h Drivers/STM32F4xx_HAL_Driver/Inc/stm32f4xx_hal_gpio.h Drivers/STM32F4xx_HAL_Driver/Inc/stm32f4xx_hal_gpio_ex.h Drivers/STM32F4xx_HAL_Driver/Inc/stm32f4xx_hal_exti.h Drivers/STM32F4xx_HAL_Driver/Inc/stm32f4xx_hal_dma.h Drivers/STM32F4xx_HAL_Driver/Inc/stm32f4xx_hal_dma_ex.h Drivers/STM32F4xx_HAL_Driver/Inc/stm32f4xx_hal_cortex.h Drivers/STM32F4xx_HAL_Driver/Inc/stm32f4xx_hal_flash.h Drivers/STM32F4xx_HAL_Driver/Inc/stm32f4xx_hal_flash_ex.h Drivers/STM32F4xx_HAL_Driver/Inc/stm32f4xx_hal_flash_ramfunc.h Drivers/STM32F4xx_HAL_Driver/Inc/stm32f4xx_hal_i2c.h Drivers/STM32F4xx_HAL_Driver/Inc/stm32f4xx_hal_i2c_ex.h Drivers/STM32F4xx_HAL_Driver/Inc/stm32f4xx_hal_pwr.h Drivers/STM32F4xx_HAL_Driver/Inc/stm32f4xx_hal_pwr_ex.h
#  Implicit rule search has not been done.
#  Modification time never checked.
#  File has not been updated.

Inc/stm32f4xx_hal_conf.h:
#  Implicit rule search has been done.
#  Last modified 2022-08-27 13:06:38
#  File has been updated.
#  Successfully updated.

# Not a target:
build/stm32f4xx_hal_cort 
ex.d:
#  Implicit rule search has been done.
#  Last modified 2022-09-13 15:19:10
#  File has been updated.
#  Successfully updated.

Drivers/STM32F4xx_HAL_Driver/Inc/stm32f4xx_hal_rcc.h:
#  Implicit rule search has been done.
#  Last modified 2022-08-14 15:33:55
#  File has been updated.
#  Successfully updated.

Drivers/STM32F4xx_HAL_Driver/Inc/stm32f4xx_hal_flash_ex.h:
#  Implicit rule search has been done.
#  Last modified 2022-08-14 15:33:55
#  File has been updated.
#  Successfully updated.

Drivers/CMSIS/Device/ST/STM32F4xx/Include/stm32f411xe.h:
#  Implicit rule search has been done.
#  Last modified 2022-08-14 15:32:42
#  File has been updated.
#  Successfully updated.

# Not a target:
Drivers/STM32F4xx_HAL_Driver/Src/stm32f4xx_hal_dma_ex.c:
#  Implicit rule search has not been done.
#  Modification time never checked.
#  File has not been updated.

# Not a target:
Src/main.c:
#  Implicit rule search has been done.
#  Last modified 2022-09-13 15:21:54
#  File has been updated.
#  Successfully updated.

Drivers/CMSIS/Include/cmsis_compiler.h:
#  Implicit rule search has been done.
#  Last modified 2022-08-14 15:32:46
#  File has been updated.
#  Successfully updated.

build/stm32f4xx_hal.o: Drivers/STM32F4xx_HAL_Driver/Src/stm32f4xx_hal.c Drivers/STM32F4xx_HAL_Driver/Inc/stm32f4xx_hal.h Inc/stm32f4xx_hal_conf.h Drivers/STM32F4xx_HAL_Driver/Inc/stm32f4xx_hal_rcc.h Drivers/STM32F4xx_HAL_Driver/Inc/stm32f4xx_hal_def.h Drivers/CMSIS/Device/ST/STM32F4xx/Include/stm32f4xx.h Drivers/CMSIS/Device/ST/STM32F4xx/Include/stm32f411xe.h Drivers/CMSIS/Include/core_cm4.h Drivers/CMSIS/Include/cmsis_version.h Drivers/CMSIS/Include/cmsis_compiler.h Drivers/CMSIS/Include/cmsis_gcc.h Drivers/CMSIS/Include/mpu_armv7.h Drivers/CMSIS/Device/ST/STM32F4xx/Include/system_stm32f4xx.h Drivers/STM32F4xx_HAL_Driver/Inc/Legacy/stm32_hal_legacy.h Drivers/STM32F4xx_HAL_Driver/Inc/stm32f4xx_hal_rcc_ex.h Drivers/STM32F4xx_HAL_Driver/Inc/stm32f4xx_hal_gpio.h Drivers/STM32F4xx_HAL_Driver/Inc/stm32f4xx_hal_gpio_ex.h Drivers/STM32F4xx_HAL_Driver/Inc/stm32f4xx_hal_exti.h Drivers/STM32F4xx_HAL_Driver/Inc/stm32f4xx_hal_dma.h Drivers/STM32F4xx_HAL_Driver/Inc/stm32f4xx_hal_dma_ex.h Drivers/STM32F4xx_HAL_Driver/Inc/stm32f4xx_hal_cortex.h Drivers/STM32F4xx_HAL_Driver/Inc/stm32f4xx_hal_flash.h Drivers/STM32F4xx_HAL_Driver/Inc/stm32f4xx_hal_flash_ex.h Drivers/STM32F4xx_HAL_Driver/Inc/stm32f4xx_hal_flash_ramfunc.h Drivers/STM32F4xx_HAL_Driver/Inc/stm32f4xx_hal_i2c.h Drivers/STM32F4xx_HAL_Driver/Inc/stm32f4xx_hal_i2c_ex.h Drivers/STM32F4xx_HAL_Driver/Inc/s 
tm32f4xx_hal_pwr.h Drivers/STM32F4xx_HAL_Driver/Inc/stm32f4xx_hal_pwr_ex.h
#  Implicit rule search has not been done.
#  Modification time never checked.
#  File has not been updated.

# Not a target:
build/stm32f4xx_hal_dma.d:
#  Implicit rule search has been done.
#  Last modified 2022-09-13 15:19:08
#  File has been updated.
#  Successfully updated.

# Not a target:
build/stm32f4xx_hal_gpio.d:
#  Implicit rule search has been done.
#  Last modified 2022-09-13 15:19:07
#  File has been updated.
#  Successfully updated.

build/stm32f4xx_hal_pwr_ex.o: Drivers/STM32F4xx_HAL_Driver/Src/stm32f4xx_hal_pwr_ex.c Drivers/STM32F4xx_HAL_Driver/Inc/stm32f4xx_hal.h Inc/stm32f4xx_hal_conf.h Drivers/STM32F4xx_HAL_Driver/Inc/stm32f4xx_hal_rcc.h Drivers/STM32F4xx_HAL_Driver/Inc/stm32f4xx_hal_def.h Drivers/CMSIS/Device/ST/STM32F4xx/Include/stm32f4xx.h Drivers/CMSIS/Device/ST/STM32F4xx/Include/stm32f411xe.h Drivers/CMSIS/Include/core_cm4.h Drivers/CMSIS/Include/cmsis_version.h Drivers/CMSIS/Include/cmsis_compiler.h Drivers/CMSIS/Include/cmsis_gcc.h Drivers/CMSIS/Include/mpu_armv7.h Drivers/CMSIS/Device/ST/STM32F4xx/Include/system_stm32f4xx.h Drivers/STM32F4xx_HAL_Driver/Inc/Legacy/stm32_hal_legacy.h Drivers/STM32F4xx_HAL_Driver/Inc/stm32f4xx_hal_rcc_ex.h Drivers/STM32F4xx_HAL_Driver/Inc/stm32f4xx_hal_gpio.h Drivers/STM32F4xx_HAL_Driver/Inc/stm32f4xx_hal_gpio_ex.h Drivers/STM32F4xx_HAL_Driver/Inc/stm32f4xx_hal_exti.h Drivers/STM32F4xx_HAL_Driver/Inc/stm32f4xx_hal_dma.h Drivers/STM32F4xx_HAL_Driver/Inc/stm32f4xx_hal_dma_ex.h Drivers/STM32F4xx_HAL_Driver/Inc/stm32f4xx_hal_cortex.h Drivers/STM32F4xx_HAL_Driver/Inc/stm32f4xx_hal_flash.h Drivers/STM32F4xx_HAL_Driver/Inc/stm32f4xx_hal_flash_ex.h Drivers/STM32F4xx_HAL_Driver/Inc/stm32f4xx_hal_flash_ramfunc.h Drivers/STM32F4xx_HAL_Driver/Inc/stm32f4xx_hal_i2c.h Drivers/STM32F4xx_HAL_Driver/Inc/stm32f4xx_hal_i2c_ex.h Drivers/STM32F4xx_HAL_Driver/Inc/stm32f4xx_hal_pwr.h Drivers/STM32F4xx_HAL_Driver/Inc/stm32f4xx_hal_pwr_ex.h
#  Implicit rule search has not been done.
#  Modification time never checked.
#  File has not been updated.

# Not a target:
build/stm32f4xx_hal_pwr_ex.d:
#  Implicit rule search has been done.
#  Last modified 2022-09-13 15:19:10
#  File has been updated.
#  Successfully updated.

# Not a target:
Drivers/STM32F4xx_HAL_Driver/Src/stm32f4xx_hal_flash_ramfunc.c:
#  Implicit rule search has not been done.
#  Modification time never checked.
#  File has not been updated.

Drivers/STM32F4xx_HAL_Driver/Inc/stm32f4xx_hal_pwr.h:
#  Implicit rule search has been done.
#  Last modified 2022-08-14 15:33:55
#  File has been updated.
#  Successfully updated.

build/stm32f4xx_hal_flash.o: Drivers/STM32F4xx_HAL_Driver/Src/stm32f4xx_hal_flash.c Drivers/STM32F4xx_HAL_Driver/Inc/stm32f4xx_hal.h Inc/stm32f4xx_hal_conf.h Drivers/STM32F4xx_HAL_Driver/Inc/stm32f4xx_hal_rcc.h Drivers/STM32F4xx_HAL_Driver/Inc/stm32f4xx_hal_def.h Drivers/CMSIS/Device/ST/STM32F4xx/Include/stm32f4xx.h Drivers/CMSIS/Device/ST/STM32F4xx/Include/stm32f411xe.h Drivers/CMSIS/Include/core_cm4.h Drivers/CMSIS/Include/cmsis_version.h Drivers/CMSIS/Include/cmsis_compiler.h Drivers/CMSIS/Include/cmsis_gcc.h Drivers/CMSIS/Include/mpu_armv7.h Drivers/CMSIS/Device/ST/STM32F4xx/Include/system_stm32f4xx.h Drivers/STM32F4xx_HAL_Driver/Inc/Legacy/stm32_hal_legacy.h Drivers/STM32F4xx_HAL_Driver/Inc/stm32f4xx_hal_rcc_ex.h Drivers/STM32F4xx_HAL_Driver/Inc/stm32f4xx_hal_gpio.h Drivers/STM32F4xx_HAL_Driver/Inc/stm32f4xx_hal_gpio_ex.h Drivers/STM32F4xx_HAL_Driver/Inc/stm32f4xx_hal_exti.h Drivers/STM32F4xx_HAL_Driver/Inc/stm32f4xx_hal_dma.h  
Drivers/STM32F4xx_HAL_Driver/Inc/stm32f4xx_hal_dma_ex.h Drivers/STM32F4xx_HAL_Driver/Inc/stm32f4xx_hal_cortex.h Drivers/STM32F4xx_HAL_Driver/Inc/stm32f4xx_hal_flash.h Drivers/STM32F4xx_HAL_Driver/Inc/stm32f4xx_hal_flash_ex.h Drivers/STM32F4xx_HAL_Driver/Inc/stm32f4xx_hal_flash_ramfunc.h Drivers/STM32F4xx_HAL_Driver/Inc/stm32f4xx_hal_i2c.h Drivers/STM32F4xx_HAL_Driver/Inc/stm32f4xx_hal_i2c_ex.h Drivers/STM32F4xx_HAL_Driver/Inc/stm32f4xx_hal_pwr.h Drivers/STM32F4xx_HAL_Driver/Inc/stm32f4xx_hal_pwr_ex.h
#  Implicit rule search has not been done.
#  Modification time never checked.
#  File has not been updated.

Drivers/STM32F4xx_HAL_Driver/Inc/stm32f4xx_hal_i2c.h:
#  Implicit rule search has been done.
#  Last modified 2022-08-14 15:33:55
#  File has been updated.
#  Successfully updated.

build/stm32f4xx_hal_rcc.o: Drivers/STM32F4xx_HAL_Driver/Src/stm32f4xx_hal_rcc.c Drivers/STM32F4xx_HAL_Driver/Inc/stm32f4xx_hal.h Inc/stm32f4xx_hal_conf.h Drivers/STM32F4xx_HAL_Driver/Inc/stm32f4xx_hal_rcc.h Drivers/STM32F4xx_HAL_Driver/Inc/stm32f4xx_hal_def.h Drivers/CMSIS/Device/ST/STM32F4xx/Include/stm32f4xx.h Drivers/CMSIS/Device/ST/STM32F4xx/Include/stm32f411xe.h Drivers/CMSIS/Include/core_cm4.h Drivers/CMSIS/Include/cmsis_version.h Drivers/CMSIS/Include/cmsis_compiler.h Drivers/CMSIS/Include/cmsis_gcc.h Drivers/CMSIS/Include/mpu_armv7.h Drivers/CMSIS/Device/ST/STM32F4xx/Include/system_stm32f4xx.h Drivers/STM32F4xx_HAL_Driver/Inc/Legacy/stm32_hal_legacy.h Drivers/STM32F4xx_HAL_Driver/Inc/stm32f4xx_hal_rcc_ex.h Drivers/STM32F4xx_HAL_Driver/Inc/stm32f4xx_hal_gpio.h Drivers/STM32F4xx_HAL_Driver/Inc/stm32f4xx_hal_gpio_ex.h Drivers/STM32F4xx_HAL_Driver/Inc/stm32f4xx_hal_exti.h Drivers/STM32F4xx_HAL_Driver/Inc/stm32f4xx_hal_dma.h Drivers/STM32F4xx_HAL_Driver/Inc/stm32f4xx_hal_dma_ex.h Drivers/STM32F4xx_HAL_Driver/Inc/stm32f4xx_hal_cortex.h Drivers/STM32F4xx_HAL_Driver/Inc/stm32f4xx_hal_flash.h Drivers/STM32F4xx_HAL_Driver/Inc/stm32f4xx_hal_flash_ex.h Drivers/STM32F4xx_HAL_Driver/Inc/stm32f4xx_hal_flash_ramfunc.h Drivers/STM32F4xx_HAL_Driver/Inc/stm32f4xx_hal_i2c.h Drivers/STM32F4xx_HAL_Driver/Inc/stm32f4xx_hal_i2c_ex.h Drivers/STM32F4xx_HAL_Driver/Inc/stm32f4xx_hal_pwr.h Drivers/STM32F4xx_HAL_Driver/Inc/stm32f4xx_hal_pwr_ex.h
#  Implicit rule search has not been done.
#  Modification time never checked.
#  File has not been updated.

# Not a target:
.DEFAULT:
#  Implicit rule search has not been done.
#  Modification time never checked.
#  File has not been updated.

all: build/MPU-6050-IMU.elf build/MPU-6050-IMU.hex build/MPU-6050-IMU.bin
#  Command line target.
#  Implicit rule search has been done.
#  File does not exist.
#  File has been updated.
#  Needs to be updated (-q is set).
# variable set hash-table stats:
# Load=0/32=0%, Rehash=0, Collisions=0/14=0%

# Not a target:
Drivers/STM32F4xx_HAL_Driver/Src/stm32f4xx_hal_flash.c:
#  Implicit rule search has not been done.
#  Modification time never checked.
#  File has not been updated.

build:
#  Implicit rule search has not been done.
#  Last modified 2022-09-13 15:19:14
#  File has been updated.
#  Successfully updated.
#  recipe to execute (from 'Makefile', line 180):
	mkdir $@		

# Not a target:
build/MPU6050.o:
#  Implicit rule search has not been done.
#  Modification time never checked.
#  File has not been updated.

# Not a target:
Drivers/STM32F4xx_HAL_Driver/Src/stm32f4xx_hal_flash_ex.c:
#  Implicit rule search has not been done.
#  Modification time never checked.
#  File has not been updated.

build/stm32f4xx_hal_tim_ex.o: Drivers/STM32F4xx_HAL_Driver/Src/stm32f4xx_hal_tim_ex.c Drivers/STM32F4xx_HAL_Driver/Inc/stm32f4xx_hal.h Inc/stm32f4xx_hal_conf.h Drivers/STM32F4xx_HAL_Driver/Inc/stm32f4xx_hal_rcc.h Drivers/STM32F4xx_HAL_Driver/Inc/stm32f4xx_hal_def.h Drivers/CMSIS/Device/ST/STM32F4xx/Include/stm32f4xx.h Drivers/CMSIS/Device/ST/STM32F4xx/Include/stm32f411xe.h Drivers/CMSIS/Include/core_cm4.h Drivers/CMSIS/Include/cmsis_version.h Drivers/CMSIS/Include/cmsis_compiler.h Drivers/CMSIS/Include/cmsis_gcc.h Drivers/CMSIS/Include/mpu_armv7.h Drivers/CMSIS/Device/ST/STM32F4xx/Inc 
lude/system_stm32f4xx.h Drivers/STM32F4xx_HAL_Driver/Inc/Legacy/stm32_hal_legacy.h Drivers/STM32F4xx_HAL_Driver/Inc/stm32f4xx_hal_rcc_ex.h Drivers/STM32F4xx_HAL_Driver/Inc/stm32f4xx_hal_gpio.h Drivers/STM32F4xx_HAL_Driver/Inc/stm32f4xx_hal_gpio_ex.h Drivers/STM32F4xx_HAL_Driver/Inc/stm32f4xx_hal_exti.h Drivers/STM32F4xx_HAL_Driver/Inc/stm32f4xx_hal_dma.h Drivers/STM32F4xx_HAL_Driver/Inc/stm32f4xx_hal_dma_ex.h Drivers/STM32F4xx_HAL_Driver/Inc/stm32f4xx_hal_cortex.h Drivers/STM32F4xx_HAL_Driver/Inc/stm32f4xx_hal_flash.h Drivers/STM32F4xx_HAL_Driver/Inc/stm32f4xx_hal_flash_ex.h Drivers/STM32F4xx_HAL_Driver/Inc/stm32f4xx_hal_flash_ramfunc.h Drivers/STM32F4xx_HAL_Driver/Inc/stm32f4xx_hal_i2c.h Drivers/STM32F4xx_HAL_Driver/Inc/stm32f4xx_hal_i2c_ex.h Drivers/STM32F4xx_HAL_Driver/Inc/stm32f4xx_hal_pwr.h Drivers/STM32F4xx_HAL_Driver/Inc/stm32f4xx_hal_pwr_ex.h
#  Implicit rule search has not been done.
#  Modification time never checked.
#  File has not been updated.

Drivers/CMSIS/Include/mpu_armv7.h:
#  Implicit rule search has been done.
#  Last modified 2022-08-14 15:32:46
#  File has been updated.
#  Successfully updated.

# Not a target:
build/stm32f4xx_hal_flash_ramfunc.d:
#  Implicit rule search has been done.
#  Last modified 2022-09-13 15:19:07
#  File has been updated.
#  Successfully updated.

build/MPU-6050-IMU.elf: build/main.o build/stm32f4xx_it.o build/stm32f4xx_hal_msp.o build/MPU6050.o build/stm32f4xx_hal_i2c.o build/stm32f4xx_hal_i2c_ex.o build/stm32f4xx_hal_rcc.o build/stm32f4xx_hal_rcc_ex.o build/stm32f4xx_hal_flash.o build/stm32f4xx_hal_flash_ex.o build/stm32f4xx_hal_flash_ramfunc.o build/stm32f4xx_hal_gpio.o build/stm32f4xx_hal_dma_ex.o build/stm32f4xx_hal_dma.o build/stm32f4xx_hal_pwr.o build/stm32f4xx_hal_pwr_ex.o build/stm32f4xx_hal_cortex.o build/stm32f4xx_hal.o build/stm32f4xx_hal_exti.o build/stm32f4xx_hal_tim.o build/stm32f4xx_hal_tim_ex.o build/system_stm32f4xx.o build/startup_stm32f411xe.o Makefile
#  Implicit rule search has not been done.
#  Last modified 2022-09-13 15:19:13
#  File has been updated.
#  Needs to be updated (-q is set).
# variable set hash-table stats:
# Load=0/32=0%, Rehash=0, Collisions=0/14=0%
#  recipe to execute (from 'Makefile', line 170):
	$(CC) $(OBJECTS) $(LDFLAGS) -o $@
	$(SZ) $@

# Not a target:
Drivers/STM32F4xx_HAL_Driver/Src/stm32f4xx_hal_exti.c:
#  Implicit rule search has not been done.
#  Modification time never checked.
#  File has not been updated.

# Not a target:
build/main.d:
#  Implicit rule search has been done.
#  Last modified 2022-09-13 15:18:48
#  File has been updated.
#  Successfully updated.

# Not a target:
Drivers/STM32F4xx_HAL_Driver/Src/stm32f4xx_hal_i2c.c:
#  Implicit rule search has not been done.
#  Modification time never checked.
#  File has not been updated.

# Not a target:
build/stm32f4xx_hal_pwr.d:
#  Implicit rule search has been done.
#  Last modified 2022-09-13 15:19:09
#  File has been updated.
#  Successfully updated.

# Not a target:
build/MPU-6050-IMU.bin:
#  Implicit rule search has not been done.
#  Modification time never checked.
#  File has not been updated.

build/stm32f4xx_it.o: Src/stm32f4xx_it.c Inc/main.h Drivers/STM32F4xx_HAL_Driver/Inc/stm32f4xx_hal.h Inc/stm32f4xx_hal_conf.h Drivers/STM32F4xx_HAL_Driver/Inc/stm32f4xx_hal_rcc.h Drivers/STM32F4xx_HAL_Driver/Inc/stm32f4xx_hal_def.h Drivers/CMSIS/Device/ST/STM32F4xx/Include/stm32f4xx.h Drivers/CMSIS/Device/ST/STM32F4xx/Include/stm32f411xe.h Drivers/CMSIS/Include/core_cm4.h Drivers/CMSIS/Include/cmsis_version.h Drivers/CMSIS/Include/cmsis_compiler.h Drivers/CMSIS/Include/ 
cmsis_gcc.h Drivers/CMSIS/Include/mpu_armv7.h Drivers/CMSIS/Device/ST/STM32F4xx/Include/system_stm32f4xx.h Drivers/STM32F4xx_HAL_Driver/Inc/Legacy/stm32_hal_legacy.h Drivers/STM32F4xx_HAL_Driver/Inc/stm32f4xx_hal_rcc_ex.h Drivers/STM32F4xx_HAL_Driver/Inc/stm32f4xx_hal_gpio.h Drivers/STM32F4xx_HAL_Driver/Inc/stm32f4xx_hal_gpio_ex.h Drivers/STM32F4xx_HAL_Driver/Inc/stm32f4xx_hal_exti.h Drivers/STM32F4xx_HAL_Driver/Inc/stm32f4xx_hal_dma.h Drivers/STM32F4xx_HAL_Driver/Inc/stm32f4xx_hal_dma_ex.h Drivers/STM32F4xx_HAL_Driver/Inc/stm32f4xx_hal_cortex.h Drivers/STM32F4xx_HAL_Driver/Inc/stm32f4xx_hal_flash.h Drivers/STM32F4xx_HAL_Driver/Inc/stm32f4xx_hal_flash_ex.h Drivers/STM32F4xx_HAL_Driver/Inc/stm32f4xx_hal_flash_ramfunc.h Drivers/STM32F4xx_HAL_Driver/Inc/stm32f4xx_hal_i2c.h Drivers/STM32F4xx_HAL_Driver/Inc/stm32f4xx_hal_i2c_ex.h Drivers/STM32F4xx_HAL_Driver/Inc/stm32f4xx_hal_pwr.h Drivers/STM32F4xx_HAL_Driver/Inc/stm32f4xx_hal_pwr_ex.h Inc/stm32f4xx_it.h
#  Implicit rule search has not been done.
#  Modification time never checked.
#  File has not been updated.

# Not a target:
build/stm32f4xx_hal.d:
#  Implicit rule search has been done.
#  Last modified 2022-09-13 15:19:11
#  File has been updated.
#  Successfully updated.

# Not a target:
build/stm32f4xx_hal_rcc_ex.d:
#  Implicit rule search has been done.
#  Last modified 2022-09-13 15:19:05
#  File has been updated.
#  Successfully updated.

Inc/stm32f4xx_it.h:
#  Implicit rule search has not been done.
#  Modification time never checked.
#  File has not been  
updated.

Drivers/STM32F4xx_HAL_Driver/Inc/stm32f4xx_hal_i2c_ex.h:
#  Implicit rule search has been done.
#  Last modified 2022-08-14 15:33:55
#  File has been updated.
#  Successfully updated.

Drivers/STM32F4xx_HAL_Driver/Inc/stm32f4xx_hal_dma.h:
#  Implicit rule search has been done.
#  Last modified 2022-08-14 15:33:55
#  File has been updated.
#  Successfully updated.

build/stm32f4xx_hal_dma.o: Drivers/STM32F4xx_HAL_Driver/Src/stm32f4xx_hal_dma.c Drivers/STM32F4xx_HAL_Driver/Inc/stm32f4xx_hal.h Inc/st 
m32f4xx_hal_conf.h Drivers/STM32F4xx_HAL_Driver/Inc/stm32f4xx_hal_rcc.h Drivers/STM32F4xx_HAL_Driver/Inc/stm32f4xx_hal_def.h Drivers/CMSIS/Device/ST/STM32F4xx/Include/stm32f4xx.h Drivers/CMSIS/Device/ST/STM32F4xx/Include/stm32f411xe.h Drivers/CMSIS/Include/core_cm4.h Drivers/CMSIS/Include/cmsis_version.h Drivers/CMSIS/Include/cmsis_compiler.h Drivers/CMSIS/Include/cmsis_gcc.h Drivers/CMSIS/Include/mpu_armv7.h Drivers/CMSIS/Device/ST/STM32F4xx/Include/system_stm32f4xx.h Drivers/STM32F4xx_HAL_Driver/Inc/Legacy/stm32_hal_legacy.h Drivers/STM32F4xx_HAL_Driver/Inc/stm32f4xx_hal_rcc_ex.h Drivers/STM32F4xx_HAL_Driver/Inc/stm32f4xx_hal_gpio.h Drivers/STM32F4xx_HAL_Driver/Inc/stm32f4xx_hal_gpio_ex.h Drivers/STM32F4xx_HAL_Driver/Inc/stm32f4xx_hal_exti.h Drivers/STM32F4xx_HAL_Driver/Inc/stm32f4xx_hal_dma.h Drivers/STM32F4xx_HAL_Driver/Inc/stm32f4xx_hal_dma_ex.h Drivers/STM32F4xx_HAL_Driver/Inc/stm32f4xx_hal_cortex.h Drivers/STM32F4xx_HAL_Driver/Inc/stm32f4xx_hal_flash.h Drivers/STM32F4xx_HAL_Driver/Inc/stm32f4xx_hal_fla 
sh_ex.h Drivers/STM32F4xx_HAL_Driver/Inc/stm32f4xx_hal_flash_ramfunc.h Drivers/STM32F4xx_HAL_Driver/Inc/stm32f4xx_hal_i2c.h Drivers/STM32F4xx_HAL_Driver/Inc/stm32f4xx_hal_i2c_ex.h Drivers/STM32F4xx_HAL_Driver/Inc/stm32f4xx_hal_pwr.h Drivers/STM32F4xx_HAL_Driver/Inc/stm32f4xx_hal_pwr_ex.h
#  Implicit rule search has not been done.
#  Modification time never checked.
#  File has not been updated.

# Not a target:
build/startup_stm32f411xe.d:
#  Implicit rule search has been done.
#  Last modified 2022-09-13 15:19:13
#  File has been updated.
#  Successfully updated.

# Not a target:
build/stm32f4xx_hal_i2c.d:
#  Implicit rule search has been done.
#  Last modified 2022-09-13 15:18:51
#  File has been updated.
#  Successfully updated.

# Not a target:
build/MPU-6050-IMU.hex:
#  Implicit rule search has not been done.
#  Modification time never checked.
#  File has not been updated.

build/stm32f4xx_hal_msp.o: Src/stm32f4xx_hal_msp.c Inc/main.h Drivers/STM32F4xx_HAL_Driver/Inc/stm32f4xx_hal.h Inc/stm32f4xx_hal_conf.h Drivers/STM32F4xx_HAL_Driver/Inc/stm32f4xx_hal_rcc.h Drivers/STM32F4xx_HAL_Driver/Inc/stm32f4xx_hal_def.h Drivers/CMSIS/Device/ST/STM32F4xx/Include/stm32f4xx.h Drivers/CMSIS/Device/ST/STM32F4xx/Include/stm32f411xe.h Drivers/CMSIS/Include/core_cm4.h Drivers/CMSIS/Include/cmsis_version.h Drivers/CMSIS/Include/cmsis_compiler.h Drivers/CMSIS/Include/cmsis_gcc.h Drivers/CMSIS/Include/mpu_armv7.h Drivers/CMSIS/Device/ST/STM32F4xx/Include/system_stm32f4xx.h Drivers/STM32F4xx_HAL_Driver/Inc/Legacy/stm32_hal_le 
gacy.h Drivers/STM32F4xx_HAL_Driver/Inc/stm32f4xx_hal_rcc_ex.h Drivers/STM32F4xx_HAL_Driver/Inc/stm32f4xx_hal_gpio.h Drivers/STM32F4xx_HAL_Driver/Inc/stm32f4xx_hal_gpio_ex.h Drivers/STM32F4xx_HAL_Driver/Inc/stm32f4xx_hal_exti.h Drivers/STM32F4xx_HAL_Driver/Inc/stm32f4xx_hal_dma.h Drivers/STM32F4xx_HAL_Driver/Inc/stm32f4xx_hal_dma_ex.h Drivers/STM32F4xx_HAL_Driver/Inc/stm32f4xx_hal_cortex.h Drivers/STM32F4xx_HAL_Driver/Inc/stm32f4xx_hal_flash.h Drivers/STM32F4xx_HAL_Driver/Inc/stm32f4xx_hal_flash_ex.h Drivers/STM32F4xx_HAL_Driver/Inc/stm32f4xx_hal_flash_ramfunc.h Drivers/STM32F4xx_HAL_Driver/Inc/stm32f4xx_hal_i2c.h Drivers/STM32F4xx_HAL_Driver/Inc/stm32f4xx_hal_i2c_ex.h Drivers/STM32F4xx_HAL_Driver/Inc/stm32f4xx_hal_pwr.h Drivers/STM32F4xx_HAL_Driver/Inc/stm32f4xx_hal_pwr_ex.h
#  Implicit rule search has not been done.
#  Modification time never checked.
#  File has not been updated.

# Not a target:
Drivers/STM32F4xx_HAL_Driver/Src/stm32f4xx_hal.c:
#  Implicit rule search has not been done.
#  Modification time never checked.
#  File has not been updated.

# Not a target:
Drivers/STM32F4xx_HAL_Driver/Src/stm32f4xx_hal_tim_ex.c:
#  Implicit rule search has not been done.
#  Modification time never checked.
#  File has not been updated.

# Not a target:
build/stm32f4xx_hal_dma_ex.d:
#  Implicit rule search has been done.
#  Last modified 2022-09-13 15:19:08
#  File has been updated.
#  Successfully updated.

build/stm32f4xx_hal_gpio.o: Drivers/STM32F4xx_HAL_Driver/Src/stm32f4xx_hal_gpio.c Drivers/STM32F4xx_HAL_Driver/Inc/stm32f4xx_hal.h Inc/stm32f4xx_hal_conf.h Drivers/STM32F4xx_HAL_Driver/Inc/stm32f4xx_hal_rcc.h Drivers/STM32F4xx_HAL_Driver/Inc/stm32f4xx_hal_def.h Drivers/CMSIS/Device/ST/STM32F4xx/Include/stm32f4xx.h Drivers/CMSIS/Device/ST/STM32F4xx/Include/stm32f411xe.h Drivers/CMSIS/Include/core_cm4.h Drivers/CMSIS/Include/cmsis_version.h Drivers/CMSIS/Include/cmsis_compiler.h Drivers/CMSIS/Include/cmsis_gcc.h Drivers/CMSIS/Include/mpu_armv7.h Drivers/CMSIS/Device/ST/STM32F4xx/Include/system_stm32f4xx.h Drivers/STM32F4xx_HAL_Driver/Inc/Legacy/stm32_hal_legacy.h Drivers/STM32F4xx_HAL_Driver/Inc/stm32f4xx_hal_rcc_ex.h Drivers/STM32F4xx_HAL_Driver/Inc/stm32f4xx_hal_gpio.h Drivers/STM32F4xx_HAL_Driver/Inc/stm32f4xx_hal_gpio_ex.h Drivers/STM32F4xx_HAL_Driver/Inc/stm32f4xx_hal_exti.h Drivers/STM32F4xx_HAL_Driver/Inc/stm32f4xx_hal_dma.h Drivers/STM32F4xx_HAL_Driver/Inc/stm32f4xx_hal_dma_ex.h Drivers/STM32F4xx_HAL_Driver/Inc/stm32f4xx_hal_cortex.h Drivers/STM32F4xx_HAL_Driver/Inc/stm32f4xx_hal_flash.h Drivers/STM32F4xx_H 
AL_Driver/Inc/stm32f4xx_hal_flash_ex.h Drivers/STM32F4xx_HAL_Driver/Inc/stm32f4xx_hal_flash_ramfunc.h Drivers/STM32F4xx_HAL_Driver/Inc/stm32f4xx_hal_i2c.h Drivers/STM32F4xx_HAL_Driver/Inc/stm32f4xx_hal_i2c_ex.h Drivers/STM32F4xx_HAL_Driver/Inc/stm32f4xx_hal_pwr.h Drivers/STM32F4xx_HAL_Driver/Inc/stm32f4xx_hal_pwr_ex.h
#  Implicit rule search has not been done.
#  Modification time never checked.
#  File has not been updated.

# Not a target:
Drivers/STM32F4xx_HAL_Driver/Src/stm32f4xx_hal_pwr.c:
#  Implicit  
rule search has not been done.
#  Modification time never checked.
#  File has not been updated.

# Not a target:
Drivers/STM32F4xx_HAL_Driver/Src/stm32f4xx_hal_tim.c:
#  Implicit rule search has not been done.
#  Modification time never checked.
#  File has not been updated.

# Not a target:
Src/stm32f4xx_hal_msp.c:
#  Implicit rule search has not been done.
#  Modification time never checked.
#  File has not been updated.

# Not a target:
build/stm32f4xx_hal_rcc.d:
#  Implicit rule search has been done.
#  Last modified 2022-09-13 15:19:05
#  File has been updated.
#  Successfully updated.

Drivers/STM32F4xx_HAL_Driver/Inc/stm32f4xx_hal_dma_ex.h:
#  Implicit rule search has been done.
#  Last modified 2022-08-14 15:33:55
#  File has been updated.
#  Successfully updated.

Drivers/CMSIS/Device/ST/STM32F4xx/Include/stm32f4xx.h:
#  Implicit rule search has been done.
#  Last modified 2022-08-14 15:32:42
#  File has been updated.
#  Successfully updated.

# Not a target:
Drivers/STM32F4xx_HAL_Driver/Src/stm32f4xx_hal_gpio.c:
#  Implicit rule search has not been done.
#  Modification time never checked.
#  File has not been updated.

build/startup_stm32f411xe.o: startup_stm32f411xe.s
#  Implicit rule search has not been done.
#  Modification time never checked.
#  File has not been updated.

Drivers/CMSIS/Include/cmsis_gcc.h:
#  Implicit rule search has been done.
#  Last modified 2022-08-14 15:32:46
#  File has been updated.
#  Successfully updated.

Drivers/STM32F4xx_HAL_Driver/Inc/stm32f4xx_hal_def.h:
#  Implic 
it rule search has been done.
#  Last modified 2022-08-14 15:33:55
#  File has been updated.
#  Successfully updated.

Drivers/CMSIS/Include/core_cm4.h:
#  Implicit rule search has been done.
#  Last modified 2022-08-14 15:32:46
#  File has been updated.
#  Successfully updated.

build/stm32f4xx_hal_i2c_ex.o: Drivers/STM32F4xx_HAL_Driver/Src/stm32f4xx_hal_i2c_ex.c Drivers/STM32F4xx_HAL_Driver/Inc/stm32f4xx_hal.h Inc/stm32f4xx_hal_conf.h Drivers/STM32F4xx_HAL_Driver/Inc/stm32f4xx_hal_rcc.h Drivers/STM32F4xx_HAL_Driver/Inc/stm32f4xx_hal_def.h Drivers/CMSIS/Device/ST/STM32F4xx/Include/stm32f4xx.h Drivers/CMSIS/Device/ST/STM32F4xx/Include/stm32f411xe.h Drivers/CMSIS/Include/core_cm4.h Drivers/CMSIS/Include/cmsis_version.h Drivers/CMSIS/Include/cmsis_compiler.h Drivers/CMSIS/Include/cmsis_gcc.h Drivers/CMSIS/Include/mpu_armv7.h Drivers/CMSIS/Device/ST/STM32F4xx/Include/system_stm32f4xx.h Drivers/STM32F4xx_HAL_Driver/Inc/Legacy/stm32_hal_legacy.h Drivers/STM32F4xx_HAL_Driver/Inc/stm32f4xx_hal_rcc_ex.h Drivers/STM32F4xx_HAL_Driver/Inc/stm32f4xx_hal_gpio.h Drivers/STM32F4xx_HAL_Driver/Inc/stm32f4xx_hal_gpio_ex.h Drivers/STM32F4xx_HAL_Driver/Inc/stm32f4xx_hal_exti.h Drivers/STM32F4xx_HAL_Driver/Inc/stm32f4xx_hal_dma.h Drivers/STM32F4xx_HAL_Driver/Inc/stm32f4xx_hal_dma_ex.h Drivers/STM32F4xx_HAL_Driver/Inc/stm32f4xx_hal_cortex.h Drivers/STM32F4xx_HAL_Driver/Inc/stm32f4xx_hal_flash.h Drivers/STM32F4xx_HAL_Driver/Inc/stm32f4xx_hal_flash_ex.h Drivers/STM32F4xx_HAL_Driver/Inc/stm32f4xx_hal_flash_ramfunc.h Drivers/STM32F4xx_HAL_Driver/Inc/stm32f4xx_hal_i2c.h Drivers/STM32F4xx_HAL_Driver/Inc/stm32f4xx_hal_i2c_ex.h Drivers/STM32F4xx_HAL_Driver/Inc/stm32f4xx_hal_pwr.h Drivers/STM32F4xx_HAL_Driver/Inc/stm32f4xx_hal_pwr_ex.h
#  Implicit rule search has not been done.
#  Modification time never checked.
#  File has not been updated.

# Not a target:
build/stm32f4xx_hal_flash_ex.d:
#  Implicit rule search has been done.
#  Last modified 2022-09-13 15:19:06
#  File has been updated.
#  Successfully updated.

# Not a target:
Src/system_stm32f4xx.c:
#  Implicit rule search has not been done.
#  Modification time never checked.
#  File has not been updated.

# Not a target:
Drivers/STM32F4xx_HAL_Driver/Src/stm32f4xx_hal_dma.c:
#  Implicit rule search has not been done.
#  Modification time never checked.
#  File has not been updated.

# Not a target:
build/stm32f4xx_hal_tim.d:
#  Implicit rule search has been done.
#  Last modified 2022-09-13 15:19:12
#  File has been updated.
#  Successfully updated.

build/main.o: Src/main.c Makefile Src/ 
main.c Inc/main.h Drivers/STM32F4xx_HAL_Driver/Inc/stm32f4xx_hal.h Inc/stm32f4xx_hal_conf.h Drivers/STM32F4xx_HAL_Driver/Inc/stm32f4xx_hal_rcc.h Drivers/STM32F4xx_HAL_Driver/Inc/stm32f4xx_hal_def.h Drivers/CMSIS/Device/ST/STM32F4xx/Include/stm32f4xx.h Drivers/CMSIS/Device/ST/STM32F4xx/Include/stm32f411xe.h Drivers/CMSIS/Include/core_cm4.h Drivers/CMSIS/Include/cmsis_version.h Drivers/CMSIS/Include/cmsis_compiler.h Drivers/CMSIS/Include/cmsis_gcc.h Drivers/CMSIS/Include/mpu_armv7.h Drivers/CMSIS/Device/ST/STM32F4xx/Include/system_stm32f4xx.h Drivers/STM32F4xx_HAL_Driver/Inc/Legacy/stm32_hal_legacy.h Drivers/STM32F4xx_HAL_Driver/Inc/stm32f4xx_hal_rcc_ex.h Drivers/STM32F4xx_HAL_Driver/Inc/stm32f4xx_hal_gpio.h Drivers/STM32F4xx_HAL_Driver/Inc/stm32f4xx_hal_gpio_ex.h Drivers/STM32F4xx_HAL_Driver/Inc/stm32f4xx_hal_exti.h Drivers/STM32F4xx_HAL_Driver/Inc/stm32f4xx_hal_dma.h Drivers/STM32F4xx_HAL_Driver/Inc/stm32f4xx_hal_dma_ex.h Drivers/STM32F4xx_HAL_Driver/Inc/stm32f4xx_hal_cortex.h Drivers/STM32F4xx_HAL_Driver/Inc/stm32f4xx_hal_flash.h Drivers/STM32F4xx_HAL_Driver/Inc/stm32f4xx_hal_flash_ex.h Drivers/STM32F4xx_HAL_Driver/Inc/stm32f4xx_hal_flash_ramfunc.h Drivers/STM32F4xx_HAL_Driver/Inc/stm32f4xx_hal_i2c.h Drivers/STM32F4xx_HAL_Driver/Inc/stm32f4xx_hal_i2c_ex.h Drivers/STM32F4xx_HAL_Driver/Inc/stm32f4xx_hal_pwr.h Drivers/STM32F4xx_HAL_Driver/Inc/stm32f4xx_hal_pwr_ex.h | build
#  Implicit rule search has been done.
#  Implicit/static pattern stem: 'main'
#  Last modified 2022-09-13 15:18:49
#  File has been updated.
#  Needs to be updated (-q is set).
# automatic
# @ := build/main.o
# automatic
# * := main
# automatic
# < := Src/main.c
# automatic
# + := Src/main.c Makefile Src/main.c Inc/main.h Drivers/STM32F4xx_HAL_Driver/Inc/stm32f4xx_hal.h Inc/stm32f4xx_hal_conf.h Drivers/STM32F4xx_HAL_Driver/Inc/stm32f4xx_hal_rcc.h Drivers/STM32F4xx_HAL_Driver/Inc/stm32f4xx_hal_def.h Drivers/CMSIS/Device/ST/STM32F4xx/Include/stm32f4xx.h Drivers/CMSIS/Device/ST/STM32F4xx/Include/stm32f411xe.h Drivers/CMSIS/Include/core_cm4.h Driver 
s/CMSIS/Include/cmsis_version.h Drivers/CMSIS/Include/cmsis_compiler.h Drivers/CMSIS/Include/cmsis_gcc.h Drivers/CMSIS/Include/mpu_armv7.h Drivers/CMSIS/Device/ST/STM32F4xx/Include/system_stm32f4xx.h Drivers/STM32F4xx_HAL_Driver/Inc/Legacy/stm32_hal_legacy.h Drivers/STM32F4xx_HAL_Driver/Inc/stm32f4xx_hal_rcc_ex.h Drivers/STM32F4xx_HAL_Driver/Inc/stm32f4xx_hal_gpio.h Drivers/STM32F4xx_HAL_Driver/Inc/stm32f4xx_hal_gpio_ex.h Drivers/STM32F4xx_HAL_Driver/Inc/stm32f4xx_hal_exti.h Drivers/STM32F4xx_HAL_Driver/Inc/stm32f4xx_hal_dma.h Drivers/STM32F4xx_HAL_Driver/Inc/stm32f4xx_hal_dma_ex.h Drivers/STM32F4xx_HAL_Driver/Inc/stm32f4xx_hal_cortex.h Drivers/STM32F4xx_HAL_Driver/Inc/stm32f4xx_hal_flash.h Drivers/STM32F4xx_HAL_Driver/Inc/stm32f4xx_hal_flash_ex.h Drivers/STM32F4xx_HAL_Driver/Inc/stm32f4xx_hal_flash_ramfunc.h Drivers/STM32F4xx_HAL_Driver/Inc/stm32f4xx_hal_i2c.h Drivers/STM32F4xx_HAL_Driver/Inc/stm32f4xx_hal_i2c_ex.h Drivers/STM32F4xx_HAL_Driver/Inc/stm32f4xx_hal_pwr.h Drivers/STM32F4xx_HAL_Driver/Inc/stm32f4xx_hal_pwr_ex.h
# automatic
# % := 
# automatic
# ^ := Src/main.c Makefile Inc/main.h Drivers/STM32F4xx_HAL_Driver/Inc/stm32f4xx_hal.h Inc/stm32f4xx_hal_conf.h Drivers/STM32F4xx_HAL_Driver/Inc/stm32f4xx_hal_rcc.h Drivers/STM32F4xx_HAL_Driver/Inc/stm32f4xx_hal_def.h Drivers/CMSIS/Device/ST/STM32F4xx/Include/stm32f4xx.h Drivers/CMSIS/Device/ST/STM32F4xx/Include/stm32f411xe.h Drivers/CMSIS/Include/core_cm4.h Drivers/CMSIS/Include/cmsis_version.h Drivers/CMSIS/Include/cmsis_compiler.h Drivers/CMSIS/Include/cmsis_gcc.h Drivers/CMSIS/Include/mpu_armv7.h Drivers/CMSIS/Device/ST/STM32F4xx/Include/system_stm32f4xx.h Drivers/STM32F4xx_HAL_Driver/Inc/Legacy/stm32_hal_legacy.h Drivers/STM32F4xx_HAL_Driver/Inc/stm32f4xx_hal_rcc_ex.h Drivers/STM32F4xx_HAL_Driver/Inc/stm32f4xx_hal_gpio.h Drivers/STM32F4xx_HAL_Driver/Inc/stm32f4xx_hal_gpio_ex.h Drivers/STM32F4xx_HAL_Driver/Inc/stm32f4xx_hal_exti.h Drivers/STM32F4xx_HAL_Driver/Inc/stm32f4xx_hal_dma.h Drivers/STM32F4xx_HAL_Driver/Inc/stm32f4xx_hal_dma_ex.h Drivers/STM32F4xx_HAL_Driver/Inc/stm32f4xx_hal_cortex.h Drivers/STM32F4xx_HAL_Driver/Inc/stm32f4xx_hal_flash.h Drivers/STM32F4xx_HAL_Driver/Inc/stm32f4xx_hal_flash_ex.h Drivers/STM32F4xx_HAL_Driver/Inc/stm32f4xx_hal_flash_ramfunc.h Drivers/STM32F4xx_HAL_Driver/Inc/stm32f4xx_hal_i2c.h Drivers/STM32F4xx_HAL_Driver/Inc/stm32f4xx_hal_i2c_ex.h Drivers/STM32F4xx_HAL_Driver/Inc/stm32f4xx_hal_pwr.h Drivers/STM32F4xx_HAL_Driver/Inc/stm32f4xx_hal_pwr_ex.h
# automatic
# ? := Src/main.c Makefile
# automatic
# | := build
# variable set hash-table stats:
# Load=8/32=25%, Rehash=0, Collisions=4/26=15%
#  recipe to execute (from 'Makefile', line 164):
	$(CC) -c $(CFLAGS) -Wa,-a,-ad,-alms=$(BUILD_DIR)/$(notdir $(<:.c=.lst)) $< -o $@

Drivers/STM32F4xx_HAL_Driver/Inc/stm32f4xx_hal_flash_ramfunc.h:
#  Implicit rule search has been done.
#  Last modified 2022-08-14 15:33:55
#  File has been updated.
#  Successfully updated.

build/stm32f4xx_hal_flash_ex.o: Drivers/STM32F4xx_HAL_Driver/Src/stm32f4xx_hal_flash_ex.c Drivers/STM32F4xx_HAL_Driver/Inc/stm32f4xx_hal.h Inc/stm32f4xx_hal_conf.h Drivers/STM32F4xx_HAL_Driver/Inc/stm32f4xx_hal_rcc.h Drivers/STM32F4xx_HAL_Driver/Inc/stm32f4xx_hal_def.h Drivers/CMSIS/Device/ST/STM32F4xx/Include/stm32f4xx.h Drivers/CMSIS/Device/ST/STM32F4xx/Include/stm32f411xe.h Drivers/CMSIS/Include/core_cm4.h Drivers/CMSIS/Include/cmsis_version.h Drivers/CMSIS/Include/cmsis_compiler.h Drivers/CMSIS/Include/cmsis_gcc.h Drivers/CMSIS/Include/mpu_armv7.h Drivers/CMSIS/Device/ST/STM32F4xx/Include/system_stm32f4xx.h Drivers/STM32F4xx_HAL_Driver/Inc/Legacy/stm32_hal_legacy.h Drivers/STM32F4xx_HAL_Driver/Inc/stm32f4xx_hal_rcc_ex.h Drivers/STM32F4xx_HAL_Driver/Inc/stm32f4xx_hal_gpio.h Drivers/STM32F4xx_HAL_Driver/Inc/stm32f4xx_hal_gpio_ex.h Drivers/STM32F4xx_HAL_Driver/Inc/stm32f4xx_hal_exti.h Drivers/STM32F4xx_HAL_Driver/Inc/stm32f4xx_hal_dma.h Drivers/STM32F4xx_HAL_Driver/Inc/stm32f4xx_hal_dma_ex.h Drivers/STM32F4xx_HAL_Driver/Inc/stm32f4xx_hal_cortex.h Drivers/STM32F4xx_HAL_Driver/Inc/stm32f4xx_hal_flash.h Drivers/STM32F4xx_HAL_Driver/In 
c/stm32f4xx_hal_flash_ex.h Drivers/STM32F4xx_HAL_Driver/Inc/stm32f4xx_hal_flash_ramfunc.h Drivers/STM32F4xx_HAL_Driver/Inc/stm32f4xx_hal_i2c.h Drivers/STM32F4xx_HAL_Driver/Inc/stm32f4xx_hal_i2c_ex.h Drivers/STM32F4xx_HAL_Driver/Inc/stm32f4xx_hal_pwr.h Drivers/STM32F4xx_HAL_Driver/Inc/stm32f4xx_hal_pwr_ex.h
#  Implicit rule search has not been done.
#  Modification time never checked.
#  File has not been updated.

Drivers/CMSIS/Include/cmsis_version.h:
#  Implicit rule search has been done.
#  Last modified 2022-08-14 15:32:46
#  File has been updated.
#  Successfully updated.

# Not a target:
Drivers/STM32F4xx_HAL_Driver/Src/stm32f4xx_hal_pwr_ex.c:
#  Implicit rule search has not been done.
#  Modification time never checked.
#  File has not been updated.

# files hash-table stats:
# Load=106/1024=10%, Rehash=0, Collisions=66/1370=5%
# VPATH Search Paths

vpath %.c Drivers/STM32F4xx_HAL_Driver/Src;Src

# 1 'vpath' search paths.

# No general ('VPATH' variable) search path.

# strcache buffers: 1 (0) / strings = 212 / storage = 5765 B / avg = 27 B
# current buf: size = 8174 B / used = 5765 B / count = 212 / avg = 27 B

# strcache performance: lookups = 2001 / hit rate = 89%
# hash-table stats:
# Load=212/8192=3%, Rehash=0, Collisions=65/2001=3%
# Finished Make data base on Tue Sep 13 15:26:14 2022

 
