make.exe all --print-data-base --no-builtin-variables --no-builtin-rules --question
make: *** No rule to make target 'all'.  Stop.

# GNU Make 4.3
# Built for Windows32
# Copyright (C) 1988-2020 Free Software Foundation, Inc.
# License GPLv3+: GNU GPL version 3 or later <http://gnu.org/licenses/gpl.html>
# This is free software: you are free to change and redistribute it.
# There is NO WARRANTY, to the extent permitted by law.

# Make data base, printed on Sun Aug 14 13:07:50 2022

# Variables

# environment
SYSTEMDRIVE = C:
# environment
LC_ALL = C
# environment
USERPROFILE = C:\Users\bengr
# environment
VBOX_MSI_INSTALL_PATH = D:\Apps\VBox\
# environment
LOCALAPPDATA = C:\Users\bengr\AppData\Local
# environment
VSCODE_IPC_HOOK_EXTHOST = \\.\pipe\vscode-ipc-2944f5eb-1e30-432d-a097-a14ae5147ccb-sock
# environment
VSCODE_CWD = C:\Users\bengr\AppData\Local\Programs\Microsoft VS Code
# environment
CHOCOLATEYINSTALL = C:\ProgramData\chocolatey
# environment
SYSTEMROOT = C:\Windows
# environment
PROCESSOR_LEVEL = 6
# environment
PSMODULEPATH = C:\Users\bengr\Documents\WindowsPowerShell\Modules;D:\Apps\GCloud\google-cloud-sdk\platform\PowerShell
# default
MAKE_COMMAND := C:/ProgramData/chocolatey/lib/make/tools/install/bin/make.exe
# automatic
@D = $(patsubst %/,%,$(patsubst %\,%,$(dir $@)))
# environment
CHROME_CRASHPAD_PIPE_NAME = \\.\pipe\crashpad_5088_JKUYIKUVYXBANOMJ
# environment
VSCODE_HANDLES_UNCAUGHT_ERRORS = true
# default
.VARIABLES := 
# automatic
%D = $(patsubst %/,%,$(patsubst %\,%,$(dir $%)))
# automatic
^D = $(patsubst %/,%,$(patsubst %\,%,$(dir $^)))
# environment
VSCODE_LOG_STACK = false
# automatic
%F = $(notdir $%)
# environment
VSCODE_CODE_CACHE_PATH = C:\Users\bengr\AppData\Roaming\Code\CachedData\30d9c6cd9483b2cc586687151bcbcd635f373630
# environment
LANG = C
# default
.LOADED := 
# environment
TMP = C:\Users\bengr\AppData\Local\Temp
# default
.INCLUDE_DIRS = .
# environment
PROCESSOR_ARCHITEW6432 = AMD64
# makefile
MAKEFLAGS = pqrR
# environment
ONEDRIVE = C:\Users\bengr\OneDrive
# makefile
CURDIR := d:/Embedded/STM32F411CEU6-Black-Pill-Projects/STMF411CE_Header_Drivers
# environment
VSCODE_PIPE_LOGGING = true
# environment
APPLICATION_INSIGHTS_NO_DIAGNOSTIC_CHANNEL = 1
# automatic
*D = $(patsubst %/,%,$(patsubst %\,%,$(dir $*)))
# environment
PROGRAMFILES = C:\Program Files (x86)
# environment
MFLAGS = -pqrR
# default
.SHELLFLAGS := -c
# environment
COMMONPROGRAMW6432 = C:\Program Files\Common Files
# automatic
+D = $(patsubst %/,%,$(patsubst %\,%,$(dir $+)))
# environment
IDF_TOOLS_PATH = C:\Users\bengr\.espressif
# makefile
MAKEFILE_LIST := 
# automatic
@F = $(notdir $@)
# environment
VSCODE_VERBOSE_LOGGING = true
# environment
VSCODE_PID = 5088
# automatic
?D = $(patsubst %/,%,$(patsubst %\,%,$(dir $?)))
# automatic
*F = $(notdir $*)
# automatic
<D = $(patsubst %/,%,$(patsubst %\,%,$(dir $<)))
# environment
VSCODE_NLS_CONFIG = {"locale":"en-gb","availableLanguages":{},"_languagePackSupport":true}
# environment
ONEDRIVECONSUMER = C:\Users\bengr\OneDrive
# default
MAKE_HOST := Windows32
# environment
PROGRAMDATA = C:\ProgramData
# default
SHELL := sh.exe
# environment
HOMEPATH = \Users\bengr
# environment
PLATFORMIO_CALLER = vscode
# default
MAKECMDGOALS := all
# environment
DRIVERDATA = C:\Windows\System32\Drivers\DriverData
# environment
COMSPEC = C:\Windows\system32\cmd.exe
# environment
WINDIR = C:\Windows
# environment
MAKELEVEL := 0
# default
MAKE = $(MAKE_COMMAND)
# environment
PATH = C:\Windows\system32;C:\Windo 
ws;C:\Windows\System32\Wbem;C:\Windows\System32\WindowsPowerShell\v1.0\;C:\Windows\System32\OpenSSH\;D:\Apps\JavaJDK\bin;C:\Program Files (x86)\NVIDIA Corporation\PhysX\Common;D:\Apps\NodeJS\;C:\ProgramData\chocolatey\bin;D:\Apps\GIT\Git\cmd;C:\Program Files (x86)\STMicroelectronics\STM32 ST-LINK Utility\ST-LINK Utility;D;C:\Windows\system32;C:\Windows;C:\Windows\System32\Wbem;C:\Windows\System32\WindowsPowerShell\v1.0\;C:\Windows\System32\OpenSSH\;C:\Program Files\MongoDB\Server\4.4\bin;C:\Program Files\Docker\Docker\resources\bin;C:\ProgramData\DockerDesktop\version-bin;C:\Program Files\MATLAB\R2021b\bin;;C:\Program Files (x86)\SFS\Program;C:\Program Files\PuTTY\;C:\Program Files\CMake\bin;C:\Program Files\NVIDIA Corporation\NVIDIA NvDLISR;C:\Users\bengr\AppData\Local\Programs\Python\Python38\Scripts\;C:\Users\bengr\AppData\Local\Programs\Python\Python38\;C:\Users\bengr\AppData\Local\Microsoft\WindowsApps;C:\Users\bengr\AppData\Roaming\npm;C:\Users\bengr\AppData\Local\GitHubDesktop\bin;C:\MinGW\bin;C:\Users\bengr\AppData\Local\Microsoft\WindowsApps;C:\Users\bengr\AppData\Local\Android\Sdk\platform-tools;D:\Android\emulator;D:\Apps\GCloud\google-cloud-sdk\bin;D:\Apps\Latex\texlive\2021\bin\win32;C:\Users\bengr\AppData\Local\Programs\Microsoft VS Code\bin;C:\Program Files\ffmpeg-4.4.1-essentials_build\bin;C:\Users\bengr\AppData\Local\Packages\PythonSoftwareFoundation.Python.3.10_qbz5n2kfra8p0\LocalCache\local-packages\Python310\Scripts;
# environment
COMPUTERNAME = DESKTOP-RNRS8DT
# default
MAKEFILES := 
# automatic
^F = $(notdir $^)
# environment
PROMPT = $P$G
# environment
CHOCOLATEYLASTPATHUPDATE = 133008888826960985
# environment
LOGONSERVER = \\DESKTOP-RNRS8DT
# environment
QSYS_ROOTDIR = D:\Apps\Quartus\QPLE\quartus\sopc_builder\bin
# environment
VSCODE_LOG_NATIVE = false
# environment
USERNAME = bengr
# environment
COMMONPROGRAMFILES = C:\Program Files (x86)\Common Files
# automatic
?F = $(notdir $?)
# environment
PROGRAMW6432 = C:\Program Files
# environment
NO_PROXY = 127.0.0.1
# environment
PATHEXT = .COM;.EXE;.BAT;.CMD;.VBS;.VBE;.JS;.JSE;.WSF;.WSH;.MSC
# automatic
+F = $(notdir $+)
# environment
ORIGINAL_XDG_CURRENT_DESKTOP = undefined
# environment
USERDOMAIN = DESKTOP-RNRS8DT
# 'override' directive
GNUMAKEFLAGS := 
# environment
OS = Windows_NT
# environment
PLATFORMIO_PATH = C:\Users\bengr\.platformio\python3;C:\Windows\system32;C:\Windows;C:\Windows\System32\Wbem;C:\Windows\System32\WindowsPowerShell\v1.0\;C:\Windows\System32\OpenSSH\;D:\Apps\JavaJDK\bin;C:\Program Files (x86)\NVIDIA Corporation\PhysX\Common;D:\Apps\NodeJS\;C:\ProgramData\chocolatey\bin;D:\Apps\GIT\Git\cmd;C:\Program Files (x86)\STMicroelectronics\STM32 ST-LINK Utility\ST-LINK Utility;D;C:\Windows\system32;C:\Windows;C:\Windows\System32\Wbem;C:\Windows\System32\WindowsPowerShell\v1.0\;C:\Windows\System32\OpenSSH\;C:\Program Files\MongoDB\Server\4.4\bin;C:\Program Files\Docker\Docker\resources\bin;C:\ProgramData\DockerDesktop\version-bin;C:\Program Files\MATLAB\R2021b\bin;;C:\Program Files (x86)\SFS\Program;C:\Program Files\PuTTY\;C:\Program Files\CMake\bin;C:\Program Files\NVIDIA Corporation\NVIDIA NvDLISR;C:\Users\bengr\AppData\Local\Programs\Python\Python38\Scripts\;C:\Users\bengr\AppData\Local\Programs\Python\Python38\;C:\Users\bengr\AppData\Local\Microsoft\WindowsApps;C:\Users\bengr\AppData\Roaming\npm;C:\Users\bengr\AppData\Local\GitHubDesktop\bin;C:\MinGW\bin;C:\Users\bengr\AppData\Local\Microsoft\WindowsApps;C:\Users\bengr\AppData\Local\Android\Sdk\platform-tools;D:\Android\emulator;D:\Apps\GCloud\google-cloud-sdk\bin;D:\Apps\Latex\texlive\2021\bin\win32;C:\Users\bengr\AppData\Local\Programs\Microsoft VS Code\bin;C:\Program Files\ffmpeg-4.4.1-essentials_build\bin;C:\Users\bengr\AppData\Local\Packages\PythonSoftwareFoundation.Python.3.10_qbz5n2kfra8p0\LocalCache\local-packages\Python310\Scripts;;C:\Windows\system32;C:\Windows;C:\Windows\System32\Wbem;C:\Windows\System32\WindowsPowerShell\v1.0\;C:\Windows\System32\OpenSSH\;D:\Apps\JavaJDK\bin;C:\Program Files (x86)\NVIDIA Corporation\PhysX\Common;D:\Apps\NodeJS\;C:\ProgramData\chocolatey\bin;D:\Apps\GIT\Git\cmd;C:\Program Files (x86)\STMicroelectronics\STM32 ST-LINK Utility\ST-LINK Utility;D;C:\Windows\system32;C:\Windows;C:\Windows\System32\Wbem;C:\Windows\System32\WindowsPowerShell\v1.0\;C:\Windows\System32\OpenSSH\;C:\Program Files\MongoDB\Server\4.4\bin;C:\Program Files\Docker\Docker\resources\bin;C:\ProgramData\DockerDesktop\version-bin;C:\Program Files\MATLAB\R2021b\bin;;C:\Program Files (x86)\SFS\Program;C:\Program Files\PuTTY\;C:\Program Files\CMake\bin;C:\Program Files\NVIDIA Corporation\NVIDIA NvDLISR;C:\Users\bengr\AppData\Local\Programs\Python\Python38\Scripts\;C:\Users\bengr\AppData\Local\Programs\Python\Python38\;C:\Users\bengr\AppData\Local\Microsoft\WindowsApps;C:\Users\bengr\AppData\Roaming\npm;C:\Users\bengr\AppData\Local\GitHubDesktop\bin;C:\MinGW\bin;C:\Users\bengr\AppData\Local\Microsoft\WindowsApps;C:\Users\bengr\AppData\Local\Android\Sdk\platform-tools;D:\Android\emulator;D:\Apps\GCloud\google-cloud-sdk\bin;D:\Apps\Latex\texlive\2021\bin\win32;C:\Users\bengr\AppData\Local\Programs\Microsoft VS Code\bin;C:\Program Files\ffmpeg-4.4.1-essentials_build\bin;C:\Users\bengr\AppData\Local\Packages\PythonSoftwareFoundation.Python.3.10_qbz5n2kfra8p0\LocalCache\local-packages\Python310\Scripts;
# makefile
.DEFAULT_GOAL := 
# default
MAKE_VERSION := 4.3
# environment
PROGRAMFILES(X86) = C:\Program Files (x86)
# environment
USERDOMAIN_ROAMINGPROFILE = DESKTOP-RNRS8DT
# environment
NUMBER_OF_PROCESSORS = 4
# environment
PUBLIC = C:\Users\Public
# environment
QUARTUS_ROOTDIR = D:\Apps\Quartus\QPLE\quartus
# environment
SOPC_KIT_NIOS2 = D:\Apps\Quartus\QPLE\nios2eds
# environment
APPDATA = C:\Users\bengr\AppData\Roaming
# environment
HOMEDRIVE = C:
# environment
PROCESSOR_ARCHITECTURE = x86
# environment
VSCODE_AMD_ENTRYPOINT = vs/workbench/api/node/extensionHostProcess
# environment
PLATFORMIO_IDE = 2.5.2
# environment
COMMONPROGRAMFILES(X86) = C:\Program Files (x86)\Common Files
# environment
ELECTRON_RUN_AS_NODE = 1
# environment
TEMP = C:\Users\bengr\AppData\Local\Temp
# environment
VSCODE_IPC_HOOK = \\.\pipe\8a6af8f0708d2176e2e77af7fb791959-1.68.1-main-sock
# default
.RECIPEPREFIX := 
# automatic
<F = $(notdir $<)
# default
SUFFIXES := 
# environment
ALLUSERSPROFILE = C:\ProgramData
# environment
SESSIONNAME = Console
# default
.FEATURES := target-specific order-only second-expansion else-if shortest-stem undefine oneshell nocomment grouped-target extra-prereqs archives jobserver output-sync load
# environment
PROCESSOR_REVISION = 3c03
# environment
PROCESSOR_IDENTIFIER = Intel64 Family 6 Model 60 Stepping 3, GenuineIntel
# variable set hash-table stats:
# Load=104/1024=10%, Rehash=0, Collisions=11/128=9%

# Pattern-specific Variable Values

# No pattern-specific variable values.

# Directories

# . (key d:/Embedded/STM32F411CEU6-Black-Pill-Projects/STMF411CE_Header_Drivers, mtime 1660478837): 14 files, no impossibilities.

# 14 files, no impossibilities in 1 directories.

# Implicit Rules

# No implicit rules.

# Files

# Not a target:
Makefile:
#  Implicit rule search has been done.
#  File does not exist.
#  File has been updated.
#  Failed to be updated.

# Not a target:
.DEFAULT:
#  Implicit rule search has not been done.
#  Modification time never checked.
#  File has not been updated.

# Not a target:
all:
#  Command line target.
#  Implicit rule search has been done.
#  File does not exist.
#  File has not been updated.

# Not a target:
makefile:
#  Implicit rule search has been done.
#  File does not exist.
#  File has been updated.
#  Failed to be updated.

# Not a target:
makefile.mak:
#  Implicit rule search has been done.
#  File does not exist.
#  File has been updated.
#  Failed to be updated.

# Not a target:
GNUmakefile:
#  Implicit rule search has been done.
#  File does not exist.
#  File has been updated.
#  Failed to be updated.

# files hash-table stats:
# Load=7/1024=1%, Rehash=0, Collisions=0/16=0%
# VPATH Search Paths

# No 'vpath' search paths.

# No general ('VPATH' variable) search path.

# strcache buffers: 1 (0) / strings = 21 / storage = 214 B / avg = 10 B
# 
 current buf: size = 8174 B / used = 214 B / count = 21 / avg = 10 B

# strcache performance: lookups = 24 / hit rate = 12%
# hash-table stats:
# Load=21/8192=0%, Rehash=0, Collisions=0/24=0%
# Finished Make data base on Sun Aug 14 13:07:50 2022

 
