ARM GAS  C:\Users\bengr\AppData\Local\Temp\cc5NBd6E.s 			page 1


   1              		.cpu cortex-m4
   2              		.arch armv7e-m
   3              		.fpu fpv4-sp-d16
   4              		.eabi_attribute 27, 1
   5              		.eabi_attribute 28, 1
   6              		.eabi_attribute 20, 1
   7              		.eabi_attribute 21, 1
   8              		.eabi_attribute 23, 3
   9              		.eabi_attribute 24, 1
  10              		.eabi_attribute 25, 1
  11              		.eabi_attribute 26, 1
  12              		.eabi_attribute 30, 1
  13              		.eabi_attribute 34, 1
  14              		.eabi_attribute 18, 4
  15              		.file	"stm32f4xx_hal_msp.c"
  16              		.text
  17              	.Ltext0:
  18              		.cfi_sections	.debug_frame
  19              		.section	.text.HAL_MspInit,"ax",%progbits
  20              		.align	1
  21              		.global	HAL_MspInit
  22              		.syntax unified
  23              		.thumb
  24              		.thumb_func
  26              	HAL_MspInit:
  27              	.LFB130:
  28              		.file 1 "Src/stm32f4xx_hal_msp.c"
   1:Src/stm32f4xx_hal_msp.c **** /* USER CODE BEGIN Header */
   2:Src/stm32f4xx_hal_msp.c **** /**
   3:Src/stm32f4xx_hal_msp.c ****   ******************************************************************************
   4:Src/stm32f4xx_hal_msp.c ****   * @file         stm32f4xx_hal_msp.c
   5:Src/stm32f4xx_hal_msp.c ****   * @brief        This file provides code for the MSP Initialization
   6:Src/stm32f4xx_hal_msp.c ****   *               and de-Initialization codes.
   7:Src/stm32f4xx_hal_msp.c ****   ******************************************************************************
   8:Src/stm32f4xx_hal_msp.c ****   * @attention
   9:Src/stm32f4xx_hal_msp.c ****   *
  10:Src/stm32f4xx_hal_msp.c ****   * Copyright (c) 2022 STMicroelectronics.
  11:Src/stm32f4xx_hal_msp.c ****   * All rights reserved.
  12:Src/stm32f4xx_hal_msp.c ****   *
  13:Src/stm32f4xx_hal_msp.c ****   * This software is licensed under terms that can be found in the LICENSE file
  14:Src/stm32f4xx_hal_msp.c ****   * in the root directory of this software component.
  15:Src/stm32f4xx_hal_msp.c ****   * If no LICENSE file comes with this software, it is provided AS-IS.
  16:Src/stm32f4xx_hal_msp.c ****   *
  17:Src/stm32f4xx_hal_msp.c ****   ******************************************************************************
  18:Src/stm32f4xx_hal_msp.c ****   */
  19:Src/stm32f4xx_hal_msp.c **** /* USER CODE END Header */
  20:Src/stm32f4xx_hal_msp.c **** 
  21:Src/stm32f4xx_hal_msp.c **** /* Includes ------------------------------------------------------------------*/
  22:Src/stm32f4xx_hal_msp.c **** #include "main.h"
  23:Src/stm32f4xx_hal_msp.c **** /* USER CODE BEGIN Includes */
  24:Src/stm32f4xx_hal_msp.c **** 
  25:Src/stm32f4xx_hal_msp.c **** /* USER CODE END Includes */
  26:Src/stm32f4xx_hal_msp.c **** 
  27:Src/stm32f4xx_hal_msp.c **** /* Private typedef -----------------------------------------------------------*/
  28:Src/stm32f4xx_hal_msp.c **** /* USER CODE BEGIN TD */
  29:Src/stm32f4xx_hal_msp.c **** 
  30:Src/stm32f4xx_hal_msp.c **** /* USER CODE END TD */
ARM GAS  C:\Users\bengr\AppData\Local\Temp\cc5NBd6E.s 			page 2


  31:Src/stm32f4xx_hal_msp.c **** 
  32:Src/stm32f4xx_hal_msp.c **** /* Private define ------------------------------------------------------------*/
  33:Src/stm32f4xx_hal_msp.c **** /* USER CODE BEGIN Define */
  34:Src/stm32f4xx_hal_msp.c **** 
  35:Src/stm32f4xx_hal_msp.c **** /* USER CODE END Define */
  36:Src/stm32f4xx_hal_msp.c **** 
  37:Src/stm32f4xx_hal_msp.c **** /* Private macro -------------------------------------------------------------*/
  38:Src/stm32f4xx_hal_msp.c **** /* USER CODE BEGIN Macro */
  39:Src/stm32f4xx_hal_msp.c **** 
  40:Src/stm32f4xx_hal_msp.c **** /* USER CODE END Macro */
  41:Src/stm32f4xx_hal_msp.c **** 
  42:Src/stm32f4xx_hal_msp.c **** /* Private variables ---------------------------------------------------------*/
  43:Src/stm32f4xx_hal_msp.c **** /* USER CODE BEGIN PV */
  44:Src/stm32f4xx_hal_msp.c **** 
  45:Src/stm32f4xx_hal_msp.c **** /* USER CODE END PV */
  46:Src/stm32f4xx_hal_msp.c **** 
  47:Src/stm32f4xx_hal_msp.c **** /* Private function prototypes -----------------------------------------------*/
  48:Src/stm32f4xx_hal_msp.c **** /* USER CODE BEGIN PFP */
  49:Src/stm32f4xx_hal_msp.c **** 
  50:Src/stm32f4xx_hal_msp.c **** /* USER CODE END PFP */
  51:Src/stm32f4xx_hal_msp.c **** 
  52:Src/stm32f4xx_hal_msp.c **** /* External functions --------------------------------------------------------*/
  53:Src/stm32f4xx_hal_msp.c **** /* USER CODE BEGIN ExternalFunctions */
  54:Src/stm32f4xx_hal_msp.c **** 
  55:Src/stm32f4xx_hal_msp.c **** /* USER CODE END ExternalFunctions */
  56:Src/stm32f4xx_hal_msp.c **** 
  57:Src/stm32f4xx_hal_msp.c **** /* USER CODE BEGIN 0 */
  58:Src/stm32f4xx_hal_msp.c **** 
  59:Src/stm32f4xx_hal_msp.c **** /* USER CODE END 0 */
  60:Src/stm32f4xx_hal_msp.c **** 
  61:Src/stm32f4xx_hal_msp.c **** void HAL_TIM_MspPostInit(TIM_HandleTypeDef *htim);
  62:Src/stm32f4xx_hal_msp.c ****                     /**
  63:Src/stm32f4xx_hal_msp.c ****   * Initializes the Global MSP.
  64:Src/stm32f4xx_hal_msp.c ****   */
  65:Src/stm32f4xx_hal_msp.c **** void HAL_MspInit(void)
  66:Src/stm32f4xx_hal_msp.c **** {
  29              		.loc 1 66 1 view -0
  30              		.cfi_startproc
  31              		@ args = 0, pretend = 0, frame = 8
  32              		@ frame_needed = 0, uses_anonymous_args = 0
  33              		@ link register save eliminated.
  34 0000 82B0     		sub	sp, sp, #8
  35              	.LCFI0:
  36              		.cfi_def_cfa_offset 8
  67:Src/stm32f4xx_hal_msp.c ****   /* USER CODE BEGIN MspInit 0 */
  68:Src/stm32f4xx_hal_msp.c **** 
  69:Src/stm32f4xx_hal_msp.c ****   /* USER CODE END MspInit 0 */
  70:Src/stm32f4xx_hal_msp.c **** 
  71:Src/stm32f4xx_hal_msp.c ****   __HAL_RCC_SYSCFG_CLK_ENABLE();
  37              		.loc 1 71 3 view .LVU1
  38              	.LBB2:
  39              		.loc 1 71 3 view .LVU2
  40 0002 0021     		movs	r1, #0
  41 0004 0091     		str	r1, [sp]
  42              		.loc 1 71 3 view .LVU3
  43 0006 0B4B     		ldr	r3, .L3
  44 0008 5A6C     		ldr	r2, [r3, #68]
ARM GAS  C:\Users\bengr\AppData\Local\Temp\cc5NBd6E.s 			page 3


  45 000a 42F48042 		orr	r2, r2, #16384
  46 000e 5A64     		str	r2, [r3, #68]
  47              		.loc 1 71 3 view .LVU4
  48 0010 5A6C     		ldr	r2, [r3, #68]
  49 0012 02F48042 		and	r2, r2, #16384
  50 0016 0092     		str	r2, [sp]
  51              		.loc 1 71 3 view .LVU5
  52 0018 009A     		ldr	r2, [sp]
  53              	.LBE2:
  54              		.loc 1 71 3 view .LVU6
  72:Src/stm32f4xx_hal_msp.c ****   __HAL_RCC_PWR_CLK_ENABLE();
  55              		.loc 1 72 3 view .LVU7
  56              	.LBB3:
  57              		.loc 1 72 3 view .LVU8
  58 001a 0191     		str	r1, [sp, #4]
  59              		.loc 1 72 3 view .LVU9
  60 001c 1A6C     		ldr	r2, [r3, #64]
  61 001e 42F08052 		orr	r2, r2, #268435456
  62 0022 1A64     		str	r2, [r3, #64]
  63              		.loc 1 72 3 view .LVU10
  64 0024 1B6C     		ldr	r3, [r3, #64]
  65 0026 03F08053 		and	r3, r3, #268435456
  66 002a 0193     		str	r3, [sp, #4]
  67              		.loc 1 72 3 view .LVU11
  68 002c 019B     		ldr	r3, [sp, #4]
  69              	.LBE3:
  70              		.loc 1 72 3 view .LVU12
  73:Src/stm32f4xx_hal_msp.c **** 
  74:Src/stm32f4xx_hal_msp.c ****   /* System interrupt init*/
  75:Src/stm32f4xx_hal_msp.c **** 
  76:Src/stm32f4xx_hal_msp.c ****   /* USER CODE BEGIN MspInit 1 */
  77:Src/stm32f4xx_hal_msp.c **** 
  78:Src/stm32f4xx_hal_msp.c ****   /* USER CODE END MspInit 1 */
  79:Src/stm32f4xx_hal_msp.c **** }
  71              		.loc 1 79 1 is_stmt 0 view .LVU13
  72 002e 02B0     		add	sp, sp, #8
  73              	.LCFI1:
  74              		.cfi_def_cfa_offset 0
  75              		@ sp needed
  76 0030 7047     		bx	lr
  77              	.L4:
  78 0032 00BF     		.align	2
  79              	.L3:
  80 0034 00380240 		.word	1073887232
  81              		.cfi_endproc
  82              	.LFE130:
  84              		.section	.text.HAL_TIM_Base_MspInit,"ax",%progbits
  85              		.align	1
  86              		.global	HAL_TIM_Base_MspInit
  87              		.syntax unified
  88              		.thumb
  89              		.thumb_func
  91              	HAL_TIM_Base_MspInit:
  92              	.LVL0:
  93              	.LFB131:
  80:Src/stm32f4xx_hal_msp.c **** 
  81:Src/stm32f4xx_hal_msp.c **** /**
ARM GAS  C:\Users\bengr\AppData\Local\Temp\cc5NBd6E.s 			page 4


  82:Src/stm32f4xx_hal_msp.c **** * @brief TIM_Base MSP Initialization
  83:Src/stm32f4xx_hal_msp.c **** * This function configures the hardware resources used in this example
  84:Src/stm32f4xx_hal_msp.c **** * @param htim_base: TIM_Base handle pointer
  85:Src/stm32f4xx_hal_msp.c **** * @retval None
  86:Src/stm32f4xx_hal_msp.c **** */
  87:Src/stm32f4xx_hal_msp.c **** void HAL_TIM_Base_MspInit(TIM_HandleTypeDef* htim_base)
  88:Src/stm32f4xx_hal_msp.c **** {
  94              		.loc 1 88 1 is_stmt 1 view -0
  95              		.cfi_startproc
  96              		@ args = 0, pretend = 0, frame = 8
  97              		@ frame_needed = 0, uses_anonymous_args = 0
  98              		@ link register save eliminated.
  89:Src/stm32f4xx_hal_msp.c ****   if(htim_base->Instance==TIM2)
  99              		.loc 1 89 3 view .LVU15
 100              		.loc 1 89 15 is_stmt 0 view .LVU16
 101 0000 0368     		ldr	r3, [r0]
 102              		.loc 1 89 5 view .LVU17
 103 0002 B3F1804F 		cmp	r3, #1073741824
 104 0006 00D0     		beq	.L11
 105 0008 7047     		bx	lr
 106              	.L11:
  88:Src/stm32f4xx_hal_msp.c ****   if(htim_base->Instance==TIM2)
 107              		.loc 1 88 1 view .LVU18
 108 000a 82B0     		sub	sp, sp, #8
 109              	.LCFI2:
 110              		.cfi_def_cfa_offset 8
  90:Src/stm32f4xx_hal_msp.c ****   {
  91:Src/stm32f4xx_hal_msp.c ****   /* USER CODE BEGIN TIM2_MspInit 0 */
  92:Src/stm32f4xx_hal_msp.c **** 
  93:Src/stm32f4xx_hal_msp.c ****   /* USER CODE END TIM2_MspInit 0 */
  94:Src/stm32f4xx_hal_msp.c ****     /* Peripheral clock enable */
  95:Src/stm32f4xx_hal_msp.c ****     __HAL_RCC_TIM2_CLK_ENABLE();
 111              		.loc 1 95 5 is_stmt 1 view .LVU19
 112              	.LBB4:
 113              		.loc 1 95 5 view .LVU20
 114 000c 0023     		movs	r3, #0
 115 000e 0193     		str	r3, [sp, #4]
 116              		.loc 1 95 5 view .LVU21
 117 0010 054B     		ldr	r3, .L12
 118 0012 1A6C     		ldr	r2, [r3, #64]
 119 0014 42F00102 		orr	r2, r2, #1
 120 0018 1A64     		str	r2, [r3, #64]
 121              		.loc 1 95 5 view .LVU22
 122 001a 1B6C     		ldr	r3, [r3, #64]
 123 001c 03F00103 		and	r3, r3, #1
 124 0020 0193     		str	r3, [sp, #4]
 125              		.loc 1 95 5 view .LVU23
 126 0022 019B     		ldr	r3, [sp, #4]
 127              	.LBE4:
 128              		.loc 1 95 5 view .LVU24
  96:Src/stm32f4xx_hal_msp.c ****   /* USER CODE BEGIN TIM2_MspInit 1 */
  97:Src/stm32f4xx_hal_msp.c **** 
  98:Src/stm32f4xx_hal_msp.c ****   /* USER CODE END TIM2_MspInit 1 */
  99:Src/stm32f4xx_hal_msp.c ****   }
 100:Src/stm32f4xx_hal_msp.c **** 
 101:Src/stm32f4xx_hal_msp.c **** }
 129              		.loc 1 101 1 is_stmt 0 view .LVU25
ARM GAS  C:\Users\bengr\AppData\Local\Temp\cc5NBd6E.s 			page 5


 130 0024 02B0     		add	sp, sp, #8
 131              	.LCFI3:
 132              		.cfi_def_cfa_offset 0
 133              		@ sp needed
 134 0026 7047     		bx	lr
 135              	.L13:
 136              		.align	2
 137              	.L12:
 138 0028 00380240 		.word	1073887232
 139              		.cfi_endproc
 140              	.LFE131:
 142              		.section	.text.HAL_TIM_MspPostInit,"ax",%progbits
 143              		.align	1
 144              		.global	HAL_TIM_MspPostInit
 145              		.syntax unified
 146              		.thumb
 147              		.thumb_func
 149              	HAL_TIM_MspPostInit:
 150              	.LVL1:
 151              	.LFB132:
 102:Src/stm32f4xx_hal_msp.c **** 
 103:Src/stm32f4xx_hal_msp.c **** void HAL_TIM_MspPostInit(TIM_HandleTypeDef* htim)
 104:Src/stm32f4xx_hal_msp.c **** {
 152              		.loc 1 104 1 is_stmt 1 view -0
 153              		.cfi_startproc
 154              		@ args = 0, pretend = 0, frame = 24
 155              		@ frame_needed = 0, uses_anonymous_args = 0
 156              		.loc 1 104 1 is_stmt 0 view .LVU27
 157 0000 00B5     		push	{lr}
 158              	.LCFI4:
 159              		.cfi_def_cfa_offset 4
 160              		.cfi_offset 14, -4
 161 0002 87B0     		sub	sp, sp, #28
 162              	.LCFI5:
 163              		.cfi_def_cfa_offset 32
 105:Src/stm32f4xx_hal_msp.c ****   GPIO_InitTypeDef GPIO_InitStruct = {0};
 164              		.loc 1 105 3 is_stmt 1 view .LVU28
 165              		.loc 1 105 20 is_stmt 0 view .LVU29
 166 0004 0023     		movs	r3, #0
 167 0006 0193     		str	r3, [sp, #4]
 168 0008 0293     		str	r3, [sp, #8]
 169 000a 0393     		str	r3, [sp, #12]
 170 000c 0493     		str	r3, [sp, #16]
 171 000e 0593     		str	r3, [sp, #20]
 106:Src/stm32f4xx_hal_msp.c ****   if(htim->Instance==TIM2)
 172              		.loc 1 106 3 is_stmt 1 view .LVU30
 173              		.loc 1 106 10 is_stmt 0 view .LVU31
 174 0010 0368     		ldr	r3, [r0]
 175              		.loc 1 106 5 view .LVU32
 176 0012 B3F1804F 		cmp	r3, #1073741824
 177 0016 02D0     		beq	.L17
 178              	.LVL2:
 179              	.L14:
 107:Src/stm32f4xx_hal_msp.c ****   {
 108:Src/stm32f4xx_hal_msp.c ****   /* USER CODE BEGIN TIM2_MspPostInit 0 */
 109:Src/stm32f4xx_hal_msp.c **** 
 110:Src/stm32f4xx_hal_msp.c ****   /* USER CODE END TIM2_MspPostInit 0 */
ARM GAS  C:\Users\bengr\AppData\Local\Temp\cc5NBd6E.s 			page 6


 111:Src/stm32f4xx_hal_msp.c **** 
 112:Src/stm32f4xx_hal_msp.c ****     __HAL_RCC_GPIOA_CLK_ENABLE();
 113:Src/stm32f4xx_hal_msp.c ****     /**TIM2 GPIO Configuration
 114:Src/stm32f4xx_hal_msp.c ****     PA0-WKUP     ------> TIM2_CH1
 115:Src/stm32f4xx_hal_msp.c ****     PA1     ------> TIM2_CH2
 116:Src/stm32f4xx_hal_msp.c ****     PA2     ------> TIM2_CH3
 117:Src/stm32f4xx_hal_msp.c ****     PA3     ------> TIM2_CH4
 118:Src/stm32f4xx_hal_msp.c ****     */
 119:Src/stm32f4xx_hal_msp.c ****     GPIO_InitStruct.Pin = GPIO_PIN_0|GPIO_PIN_1|GPIO_PIN_2|GPIO_PIN_3;
 120:Src/stm32f4xx_hal_msp.c ****     GPIO_InitStruct.Mode = GPIO_MODE_AF_PP;
 121:Src/stm32f4xx_hal_msp.c ****     GPIO_InitStruct.Pull = GPIO_NOPULL;
 122:Src/stm32f4xx_hal_msp.c ****     GPIO_InitStruct.Speed = GPIO_SPEED_FREQ_LOW;
 123:Src/stm32f4xx_hal_msp.c ****     GPIO_InitStruct.Alternate = GPIO_AF1_TIM2;
 124:Src/stm32f4xx_hal_msp.c ****     HAL_GPIO_Init(GPIOA, &GPIO_InitStruct);
 125:Src/stm32f4xx_hal_msp.c **** 
 126:Src/stm32f4xx_hal_msp.c ****   /* USER CODE BEGIN TIM2_MspPostInit 1 */
 127:Src/stm32f4xx_hal_msp.c **** 
 128:Src/stm32f4xx_hal_msp.c ****   /* USER CODE END TIM2_MspPostInit 1 */
 129:Src/stm32f4xx_hal_msp.c ****   }
 130:Src/stm32f4xx_hal_msp.c **** 
 131:Src/stm32f4xx_hal_msp.c **** }
 180              		.loc 1 131 1 view .LVU33
 181 0018 07B0     		add	sp, sp, #28
 182              	.LCFI6:
 183              		.cfi_remember_state
 184              		.cfi_def_cfa_offset 4
 185              		@ sp needed
 186 001a 5DF804FB 		ldr	pc, [sp], #4
 187              	.LVL3:
 188              	.L17:
 189              	.LCFI7:
 190              		.cfi_restore_state
 112:Src/stm32f4xx_hal_msp.c ****     /**TIM2 GPIO Configuration
 191              		.loc 1 112 5 is_stmt 1 view .LVU34
 192              	.LBB5:
 112:Src/stm32f4xx_hal_msp.c ****     /**TIM2 GPIO Configuration
 193              		.loc 1 112 5 view .LVU35
 194 001e 0023     		movs	r3, #0
 195 0020 0093     		str	r3, [sp]
 112:Src/stm32f4xx_hal_msp.c ****     /**TIM2 GPIO Configuration
 196              		.loc 1 112 5 view .LVU36
 197 0022 0A4B     		ldr	r3, .L18
 198 0024 1A6B     		ldr	r2, [r3, #48]
 199 0026 42F00102 		orr	r2, r2, #1
 200 002a 1A63     		str	r2, [r3, #48]
 112:Src/stm32f4xx_hal_msp.c ****     /**TIM2 GPIO Configuration
 201              		.loc 1 112 5 view .LVU37
 202 002c 1B6B     		ldr	r3, [r3, #48]
 203 002e 03F00103 		and	r3, r3, #1
 204 0032 0093     		str	r3, [sp]
 112:Src/stm32f4xx_hal_msp.c ****     /**TIM2 GPIO Configuration
 205              		.loc 1 112 5 view .LVU38
 206 0034 009B     		ldr	r3, [sp]
 207              	.LBE5:
 112:Src/stm32f4xx_hal_msp.c ****     /**TIM2 GPIO Configuration
 208              		.loc 1 112 5 view .LVU39
 119:Src/stm32f4xx_hal_msp.c ****     GPIO_InitStruct.Mode = GPIO_MODE_AF_PP;
ARM GAS  C:\Users\bengr\AppData\Local\Temp\cc5NBd6E.s 			page 7


 209              		.loc 1 119 5 view .LVU40
 119:Src/stm32f4xx_hal_msp.c ****     GPIO_InitStruct.Mode = GPIO_MODE_AF_PP;
 210              		.loc 1 119 25 is_stmt 0 view .LVU41
 211 0036 0F23     		movs	r3, #15
 212 0038 0193     		str	r3, [sp, #4]
 120:Src/stm32f4xx_hal_msp.c ****     GPIO_InitStruct.Pull = GPIO_NOPULL;
 213              		.loc 1 120 5 is_stmt 1 view .LVU42
 120:Src/stm32f4xx_hal_msp.c ****     GPIO_InitStruct.Pull = GPIO_NOPULL;
 214              		.loc 1 120 26 is_stmt 0 view .LVU43
 215 003a 0223     		movs	r3, #2
 216 003c 0293     		str	r3, [sp, #8]
 121:Src/stm32f4xx_hal_msp.c ****     GPIO_InitStruct.Speed = GPIO_SPEED_FREQ_LOW;
 217              		.loc 1 121 5 is_stmt 1 view .LVU44
 122:Src/stm32f4xx_hal_msp.c ****     GPIO_InitStruct.Alternate = GPIO_AF1_TIM2;
 218              		.loc 1 122 5 view .LVU45
 123:Src/stm32f4xx_hal_msp.c ****     HAL_GPIO_Init(GPIOA, &GPIO_InitStruct);
 219              		.loc 1 123 5 view .LVU46
 123:Src/stm32f4xx_hal_msp.c ****     HAL_GPIO_Init(GPIOA, &GPIO_InitStruct);
 220              		.loc 1 123 31 is_stmt 0 view .LVU47
 221 003e 0123     		movs	r3, #1
 222 0040 0593     		str	r3, [sp, #20]
 124:Src/stm32f4xx_hal_msp.c **** 
 223              		.loc 1 124 5 is_stmt 1 view .LVU48
 224 0042 01A9     		add	r1, sp, #4
 225 0044 0248     		ldr	r0, .L18+4
 226              	.LVL4:
 124:Src/stm32f4xx_hal_msp.c **** 
 227              		.loc 1 124 5 is_stmt 0 view .LVU49
 228 0046 FFF7FEFF 		bl	HAL_GPIO_Init
 229              	.LVL5:
 230              		.loc 1 131 1 view .LVU50
 231 004a E5E7     		b	.L14
 232              	.L19:
 233              		.align	2
 234              	.L18:
 235 004c 00380240 		.word	1073887232
 236 0050 00000240 		.word	1073872896
 237              		.cfi_endproc
 238              	.LFE132:
 240              		.section	.text.HAL_TIM_Base_MspDeInit,"ax",%progbits
 241              		.align	1
 242              		.global	HAL_TIM_Base_MspDeInit
 243              		.syntax unified
 244              		.thumb
 245              		.thumb_func
 247              	HAL_TIM_Base_MspDeInit:
 248              	.LVL6:
 249              	.LFB133:
 132:Src/stm32f4xx_hal_msp.c **** /**
 133:Src/stm32f4xx_hal_msp.c **** * @brief TIM_Base MSP De-Initialization
 134:Src/stm32f4xx_hal_msp.c **** * This function freeze the hardware resources used in this example
 135:Src/stm32f4xx_hal_msp.c **** * @param htim_base: TIM_Base handle pointer
 136:Src/stm32f4xx_hal_msp.c **** * @retval None
 137:Src/stm32f4xx_hal_msp.c **** */
 138:Src/stm32f4xx_hal_msp.c **** void HAL_TIM_Base_MspDeInit(TIM_HandleTypeDef* htim_base)
 139:Src/stm32f4xx_hal_msp.c **** {
 250              		.loc 1 139 1 is_stmt 1 view -0
ARM GAS  C:\Users\bengr\AppData\Local\Temp\cc5NBd6E.s 			page 8


 251              		.cfi_startproc
 252              		@ args = 0, pretend = 0, frame = 0
 253              		@ frame_needed = 0, uses_anonymous_args = 0
 254              		@ link register save eliminated.
 140:Src/stm32f4xx_hal_msp.c ****   if(htim_base->Instance==TIM2)
 255              		.loc 1 140 3 view .LVU52
 256              		.loc 1 140 15 is_stmt 0 view .LVU53
 257 0000 0368     		ldr	r3, [r0]
 258              		.loc 1 140 5 view .LVU54
 259 0002 B3F1804F 		cmp	r3, #1073741824
 260 0006 00D0     		beq	.L22
 261              	.L20:
 141:Src/stm32f4xx_hal_msp.c ****   {
 142:Src/stm32f4xx_hal_msp.c ****   /* USER CODE BEGIN TIM2_MspDeInit 0 */
 143:Src/stm32f4xx_hal_msp.c **** 
 144:Src/stm32f4xx_hal_msp.c ****   /* USER CODE END TIM2_MspDeInit 0 */
 145:Src/stm32f4xx_hal_msp.c ****     /* Peripheral clock disable */
 146:Src/stm32f4xx_hal_msp.c ****     __HAL_RCC_TIM2_CLK_DISABLE();
 147:Src/stm32f4xx_hal_msp.c ****   /* USER CODE BEGIN TIM2_MspDeInit 1 */
 148:Src/stm32f4xx_hal_msp.c **** 
 149:Src/stm32f4xx_hal_msp.c ****   /* USER CODE END TIM2_MspDeInit 1 */
 150:Src/stm32f4xx_hal_msp.c ****   }
 151:Src/stm32f4xx_hal_msp.c **** 
 152:Src/stm32f4xx_hal_msp.c **** }
 262              		.loc 1 152 1 view .LVU55
 263 0008 7047     		bx	lr
 264              	.L22:
 146:Src/stm32f4xx_hal_msp.c ****   /* USER CODE BEGIN TIM2_MspDeInit 1 */
 265              		.loc 1 146 5 is_stmt 1 view .LVU56
 266 000a 034A     		ldr	r2, .L23
 267 000c 136C     		ldr	r3, [r2, #64]
 268 000e 23F00103 		bic	r3, r3, #1
 269 0012 1364     		str	r3, [r2, #64]
 270              		.loc 1 152 1 is_stmt 0 view .LVU57
 271 0014 F8E7     		b	.L20
 272              	.L24:
 273 0016 00BF     		.align	2
 274              	.L23:
 275 0018 00380240 		.word	1073887232
 276              		.cfi_endproc
 277              	.LFE133:
 279              		.text
 280              	.Letext0:
 281              		.file 2 "c:\\program files (x86)\\gnu arm embedded toolchain\\10 2021.10\\arm-none-eabi\\include\\
 282              		.file 3 "c:\\program files (x86)\\gnu arm embedded toolchain\\10 2021.10\\arm-none-eabi\\include\\
 283              		.file 4 "Drivers/CMSIS/Device/ST/STM32F4xx/Include/stm32f411xe.h"
 284              		.file 5 "Drivers/STM32F4xx_HAL_Driver/Inc/stm32f4xx_hal_def.h"
 285              		.file 6 "Drivers/STM32F4xx_HAL_Driver/Inc/stm32f4xx_hal_gpio.h"
 286              		.file 7 "Drivers/STM32F4xx_HAL_Driver/Inc/stm32f4xx_hal_dma.h"
 287              		.file 8 "Drivers/STM32F4xx_HAL_Driver/Inc/stm32f4xx_hal_tim.h"
ARM GAS  C:\Users\bengr\AppData\Local\Temp\cc5NBd6E.s 			page 9


DEFINED SYMBOLS
                            *ABS*:00000000 stm32f4xx_hal_msp.c
C:\Users\bengr\AppData\Local\Temp\cc5NBd6E.s:20     .text.HAL_MspInit:00000000 $t
C:\Users\bengr\AppData\Local\Temp\cc5NBd6E.s:26     .text.HAL_MspInit:00000000 HAL_MspInit
C:\Users\bengr\AppData\Local\Temp\cc5NBd6E.s:80     .text.HAL_MspInit:00000034 $d
C:\Users\bengr\AppData\Local\Temp\cc5NBd6E.s:85     .text.HAL_TIM_Base_MspInit:00000000 $t
C:\Users\bengr\AppData\Local\Temp\cc5NBd6E.s:91     .text.HAL_TIM_Base_MspInit:00000000 HAL_TIM_Base_MspInit
C:\Users\bengr\AppData\Local\Temp\cc5NBd6E.s:138    .text.HAL_TIM_Base_MspInit:00000028 $d
C:\Users\bengr\AppData\Local\Temp\cc5NBd6E.s:143    .text.HAL_TIM_MspPostInit:00000000 $t
C:\Users\bengr\AppData\Local\Temp\cc5NBd6E.s:149    .text.HAL_TIM_MspPostInit:00000000 HAL_TIM_MspPostInit
C:\Users\bengr\AppData\Local\Temp\cc5NBd6E.s:235    .text.HAL_TIM_MspPostInit:0000004c $d
C:\Users\bengr\AppData\Local\Temp\cc5NBd6E.s:241    .text.HAL_TIM_Base_MspDeInit:00000000 $t
C:\Users\bengr\AppData\Local\Temp\cc5NBd6E.s:247    .text.HAL_TIM_Base_MspDeInit:00000000 HAL_TIM_Base_MspDeInit
C:\Users\bengr\AppData\Local\Temp\cc5NBd6E.s:275    .text.HAL_TIM_Base_MspDeInit:00000018 $d

UNDEFINED SYMBOLS
HAL_GPIO_Init
